Arguments: 
  /Users/gabrieljaeger/.nvm/versions/node/v16.5.0/bin/node /usr/local/bin/yarn fetch --ws wss://westend-rpc.polkadot.io/ --prefixes=0x726d726b,0x524d524b --append=dumps-unconsolidated.json

PATH: 
  /Users/gabrieljaeger/.nvm/versions/node/v16.5.0/bin:/Users/gabrieljaeger/.cabal/bin:/Users/gabrieljaeger/.ghcup/bin:/Users/gabrieljaeger/opt/anaconda3/bin:/Users/gabrieljaeger/opt/anaconda3/condabin:/usr/local/bin:/usr/bin:/bin:/usr/sbin:/sbin:/Applications/Postgres.app/Contents/Versions/latest/bin

Yarn version: 
  1.22.10

Node version: 
  16.5.0

Platform: 
  darwin x64

Trace: 
  SyntaxError: /Users/gabrieljaeger/Documents/polkadot_projects/huntbot/package.json: Unexpected token } in JSON at position 1224
      at JSON.parse (<anonymous>)
      at /usr/local/lib/node_modules/yarn/lib/cli.js:1625:59
      at Generator.next (<anonymous>)
      at step (/usr/local/lib/node_modules/yarn/lib/cli.js:310:30)
      at /usr/local/lib/node_modules/yarn/lib/cli.js:321:13

npm manifest: 
  {
    "dependencies": {
      "@polkadot/api": "^5.1.1",
      "@polkadot/extension-dapp": "^0.39.1",
      "@polkadot/keyring": "^7.0.2",
      "@polkadot/util": "^7.0.2",
      "@polkadot/util-crypto": "^7.0.2",
      "@polkadot/x-randomvalues": "^7.0.2",
      "bent": "^7.3.12",
      "bignumber.js": "^9.0.1",
      "crypto": "^1.0.1",
      "jimp": "^0.16.1",
      "jsqr": "^1.4.0",
      "lodash": "^4.17.21",
      "lowdb": "^2.1.0",
      "marked": "^2.1.3",
      "prom-client": "^13.1.0",
      "qrcode": "^1.4.4",
      "qrcode-reader": "^1.0.4",
      "rmrk-tools": "^2.0.0-rc.15",
      "telegraf": "^4.4.1",
      "telegraf-inline-menu": "^6.3.0",
      "telegraf-session-local": "^2.1.0",
      "telegraf-stateless-question": "^2.0.1"
    },
    "deprecated": false,
    "type": "module",
    "license": "Apache-2.0",
    "name": "substrateGo",
    "description": "Hunting bot for substrate networks.",
    "keywords": [
      "substrate",
      "polkadot",
      "kusama",
      "telegram",
      "bot"
    ],
    "exports": "./index.js",
    "lint": "jshint **/*.js",
    "version": "1.0.0",
    "repository": "https://github.com/gabrieljaegerde/substrateGo",
    "author": "Gabriel Jaeger",
    "scripts": {
      "fetch": "rmrk-tools-fetch",
      "consolidate": "rmrk-tools-consolidate",
    }
  }

yarn manifest: 
  No manifest

Lockfile: 
  # THIS IS AN AUTOGENERATED FILE. DO NOT EDIT THIS FILE DIRECTLY.
  # yarn lockfile v1
  
  
  "@babel/runtime@^7.14.6", "@babel/runtime@^7.7.2":
    "integrity" "sha512-twj3L8Og5SaCRCErB4x4ajbvBIVV77CGeFglHpeg5WC5FF8TZzBWXtTJ4MqaD9QszLYTtr+IsaAL2rEUevb+eg=="
    "resolved" "https://registry.npmjs.org/@babel/runtime/-/runtime-7.14.8.tgz"
    "version" "7.14.8"
    dependencies:
      "regenerator-runtime" "^0.13.4"
  
  "@dabh/diagnostics@^2.0.2":
    "integrity" "sha512-+A1YivoVDNNVCdfozHSR8v/jyuuLTMXwjWuxPFlFlUapXoGc+Gj9mDlTDDfrwl7rXCl2tNZ0kE8sIBO6YOn96Q=="
    "resolved" "https://registry.npmjs.org/@dabh/diagnostics/-/diagnostics-2.0.2.tgz"
    "version" "2.0.2"
    dependencies:
      "colorspace" "1.1.x"
      "enabled" "2.0.x"
      "kuler" "^2.0.0"
  
  "@jimp/bmp@^0.16.1":
    "integrity" "sha512-iwyNYQeBawrdg/f24x3pQ5rEx+/GwjZcCXd3Kgc+ZUd+Ivia7sIqBsOnDaMZdKCBPlfW364ekexnlOqyVa0NWg=="
    "resolved" "https://registry.npmjs.org/@jimp/bmp/-/bmp-0.16.1.tgz"
    "version" "0.16.1"
    dependencies:
      "@babel/runtime" "^7.7.2"
      "@jimp/utils" "^0.16.1"
      "bmp-js" "^0.1.0"
  
  "@jimp/core@^0.16.1":
    "integrity" "sha512-la7kQia31V6kQ4q1kI/uLimu8FXx7imWVajDGtwUG8fzePLWDFJyZl0fdIXVCL1JW2nBcRHidUot6jvlRDi2+g=="
    "resolved" "https://registry.npmjs.org/@jimp/core/-/core-0.16.1.tgz"
    "version" "0.16.1"
    dependencies:
      "@babel/runtime" "^7.7.2"
      "@jimp/utils" "^0.16.1"
      "any-base" "^1.1.0"
      "buffer" "^5.2.0"
      "exif-parser" "^0.1.12"
      "file-type" "^9.0.0"
      "load-bmfont" "^1.3.1"
      "mkdirp" "^0.5.1"
      "phin" "^2.9.1"
      "pixelmatch" "^4.0.2"
      "tinycolor2" "^1.4.1"
  
  "@jimp/custom@^0.16.1", "@jimp/custom@>=0.3.5":
    "integrity" "sha512-DNUAHNSiUI/j9hmbatD6WN/EBIyeq4AO0frl5ETtt51VN1SvE4t4v83ZA/V6ikxEf3hxLju4tQ5Pc3zmZkN/3A=="
    "resolved" "https://registry.npmjs.org/@jimp/custom/-/custom-0.16.1.tgz"
    "version" "0.16.1"
    dependencies:
      "@babel/runtime" "^7.7.2"
      "@jimp/core" "^0.16.1"
  
  "@jimp/gif@^0.16.1":
    "integrity" "sha512-r/1+GzIW1D5zrP4tNrfW+3y4vqD935WBXSc8X/wm23QTY9aJO9Lw6PEdzpYCEY+SOklIFKaJYUAq/Nvgm/9ryw=="
    "resolved" "https://registry.npmjs.org/@jimp/gif/-/gif-0.16.1.tgz"
    "version" "0.16.1"
    dependencies:
      "@babel/runtime" "^7.7.2"
      "@jimp/utils" "^0.16.1"
      "gifwrap" "^0.9.2"
      "omggif" "^1.0.9"
  
  "@jimp/jpeg@^0.16.1":
    "integrity" "sha512-8352zrdlCCLFdZ/J+JjBslDvml+fS3Z8gttdml0We759PnnZGqrnPRhkOEOJbNUlE+dD4ckLeIe6NPxlS/7U+w=="
    "resolved" "https://registry.npmjs.org/@jimp/jpeg/-/jpeg-0.16.1.tgz"
    "version" "0.16.1"
    dependencies:
      "@babel/runtime" "^7.7.2"
      "@jimp/utils" "^0.16.1"
      "jpeg-js" "0.4.2"
  
  "@jimp/plugin-blit@^0.16.1", "@jimp/plugin-blit@>=0.3.5":
    "integrity" "sha512-fKFNARm32RoLSokJ8WZXHHH2CGzz6ire2n1Jh6u+XQLhk9TweT1DcLHIXwQMh8oR12KgjbgsMGvrMVlVknmOAg=="
    "resolved" "https://registry.npmjs.org/@jimp/plugin-blit/-/plugin-blit-0.16.1.tgz"
    "version" "0.16.1"
    dependencies:
      "@babel/runtime" "^7.7.2"
      "@jimp/utils" "^0.16.1"
  
  "@jimp/plugin-blur@^0.16.1", "@jimp/plugin-blur@>=0.3.5":
    "integrity" "sha512-1WhuLGGj9MypFKRcPvmW45ht7nXkOKu+lg3n2VBzIB7r4kKNVchuI59bXaCYQumOLEqVK7JdB4glaDAbCQCLyw=="
    "resolved" "https://registry.npmjs.org/@jimp/plugin-blur/-/plugin-blur-0.16.1.tgz"
    "version" "0.16.1"
    dependencies:
      "@babel/runtime" "^7.7.2"
      "@jimp/utils" "^0.16.1"
  
  "@jimp/plugin-circle@^0.16.1":
    "integrity" "sha512-JK7yi1CIU7/XL8hdahjcbGA3V7c+F+Iw+mhMQhLEi7Q0tCnZ69YJBTamMiNg3fWPVfMuvWJJKOBRVpwNTuaZRg=="
    "resolved" "https://registry.npmjs.org/@jimp/plugin-circle/-/plugin-circle-0.16.1.tgz"
    "version" "0.16.1"
    dependencies:
      "@babel/runtime" "^7.7.2"
      "@jimp/utils" "^0.16.1"
  
  "@jimp/plugin-color@^0.16.1", "@jimp/plugin-color@>=0.8.0":
    "integrity" "sha512-9yQttBAO5SEFj7S6nJK54f+1BnuBG4c28q+iyzm1JjtnehjqMg6Ljw4gCSDCvoCQ3jBSYHN66pmwTV74SU1B7A=="
    "resolved" "https://registry.npmjs.org/@jimp/plugin-color/-/plugin-color-0.16.1.tgz"
    "version" "0.16.1"
    dependencies:
      "@babel/runtime" "^7.7.2"
      "@jimp/utils" "^0.16.1"
      "tinycolor2" "^1.4.1"
  
  "@jimp/plugin-contain@^0.16.1":
    "integrity" "sha512-44F3dUIjBDHN+Ym/vEfg+jtjMjAqd2uw9nssN67/n4FdpuZUVs7E7wadKY1RRNuJO+WgcD5aDQcsvurXMETQTg=="
    "resolved" "https://registry.npmjs.org/@jimp/plugin-contain/-/plugin-contain-0.16.1.tgz"
    "version" "0.16.1"
    dependencies:
      "@babel/runtime" "^7.7.2"
      "@jimp/utils" "^0.16.1"
  
  "@jimp/plugin-cover@^0.16.1":
    "integrity" "sha512-YztWCIldBAVo0zxcQXR+a/uk3/TtYnpKU2CanOPJ7baIuDlWPsG+YE4xTsswZZc12H9Kl7CiziEbDtvF9kwA/Q=="
    "resolved" "https://registry.npmjs.org/@jimp/plugin-cover/-/plugin-cover-0.16.1.tgz"
    "version" "0.16.1"
    dependencies:
      "@babel/runtime" "^7.7.2"
      "@jimp/utils" "^0.16.1"
  
  "@jimp/plugin-crop@^0.16.1", "@jimp/plugin-crop@>=0.3.5":
    "integrity" "sha512-UQdva9oQzCVadkyo3T5Tv2CUZbf0klm2cD4cWMlASuTOYgaGaFHhT9st+kmfvXjKL8q3STkBu/zUPV6PbuV3ew=="
    "resolved" "https://registry.npmjs.org/@jimp/plugin-crop/-/plugin-crop-0.16.1.tgz"
    "version" "0.16.1"
    dependencies:
      "@babel/runtime" "^7.7.2"
      "@jimp/utils" "^0.16.1"
  
  "@jimp/plugin-displace@^0.16.1":
    "integrity" "sha512-iVAWuz2+G6Heu8gVZksUz+4hQYpR4R0R/RtBzpWEl8ItBe7O6QjORAkhxzg+WdYLL2A/Yd4ekTpvK0/qW8hTVw=="
    "resolved" "https://registry.npmjs.org/@jimp/plugin-displace/-/plugin-displace-0.16.1.tgz"
    "version" "0.16.1"
    dependencies:
      "@babel/runtime" "^7.7.2"
      "@jimp/utils" "^0.16.1"
  
  "@jimp/plugin-dither@^0.16.1":
    "integrity" "sha512-tADKVd+HDC9EhJRUDwMvzBXPz4GLoU6s5P7xkVq46tskExYSptgj5713J5Thj3NMgH9Rsqu22jNg1H/7tr3V9Q=="
    "resolved" "https://registry.npmjs.org/@jimp/plugin-dither/-/plugin-dither-0.16.1.tgz"
    "version" "0.16.1"
    dependencies:
      "@babel/runtime" "^7.7.2"
      "@jimp/utils" "^0.16.1"
  
  "@jimp/plugin-fisheye@^0.16.1":
    "integrity" "sha512-BWHnc5hVobviTyIRHhIy9VxI1ACf4CeSuCfURB6JZm87YuyvgQh5aX5UDKtOz/3haMHXBLP61ZBxlNpMD8CG4A=="
    "resolved" "https://registry.npmjs.org/@jimp/plugin-fisheye/-/plugin-fisheye-0.16.1.tgz"
    "version" "0.16.1"
    dependencies:
      "@babel/runtime" "^7.7.2"
      "@jimp/utils" "^0.16.1"
  
  "@jimp/plugin-flip@^0.16.1":
    "integrity" "sha512-KdxTf0zErfZ8DyHkImDTnQBuHby+a5YFdoKI/G3GpBl3qxLBvC+PWkS2F/iN3H7wszP7/TKxTEvWL927pypT0w=="
    "resolved" "https://registry.npmjs.org/@jimp/plugin-flip/-/plugin-flip-0.16.1.tgz"
    "version" "0.16.1"
    dependencies:
      "@babel/runtime" "^7.7.2"
      "@jimp/utils" "^0.16.1"
  
  "@jimp/plugin-gaussian@^0.16.1":
    "integrity" "sha512-u9n4wjskh3N1mSqketbL6tVcLU2S5TEaFPR40K6TDv4phPLZALi1Of7reUmYpVm8mBDHt1I6kGhuCJiWvzfGyg=="
    "resolved" "https://registry.npmjs.org/@jimp/plugin-gaussian/-/plugin-gaussian-0.16.1.tgz"
    "version" "0.16.1"
    dependencies:
      "@babel/runtime" "^7.7.2"
      "@jimp/utils" "^0.16.1"
  
  "@jimp/plugin-invert@^0.16.1":
    "integrity" "sha512-2DKuyVXANH8WDpW9NG+PYFbehzJfweZszFYyxcaewaPLN0GxvxVLOGOPP1NuUTcHkOdMFbE0nHDuB7f+sYF/2w=="
    "resolved" "https://registry.npmjs.org/@jimp/plugin-invert/-/plugin-invert-0.16.1.tgz"
    "version" "0.16.1"
    dependencies:
      "@babel/runtime" "^7.7.2"
      "@jimp/utils" "^0.16.1"
  
  "@jimp/plugin-mask@^0.16.1":
    "integrity" "sha512-snfiqHlVuj4bSFS0v96vo2PpqCDMe4JB+O++sMo5jF5mvGcGL6AIeLo8cYqPNpdO6BZpBJ8MY5El0Veckhr39Q=="
    "resolved" "https://registry.npmjs.org/@jimp/plugin-mask/-/plugin-mask-0.16.1.tgz"
    "version" "0.16.1"
    dependencies:
      "@babel/runtime" "^7.7.2"
      "@jimp/utils" "^0.16.1"
  
  "@jimp/plugin-normalize@^0.16.1":
    "integrity" "sha512-dOQfIOvGLKDKXPU8xXWzaUeB0nvkosHw6Xg1WhS1Z5Q0PazByhaxOQkSKgUryNN/H+X7UdbDvlyh/yHf3ITRaw=="
    "resolved" "https://registry.npmjs.org/@jimp/plugin-normalize/-/plugin-normalize-0.16.1.tgz"
    "version" "0.16.1"
    dependencies:
      "@babel/runtime" "^7.7.2"
      "@jimp/utils" "^0.16.1"
  
  "@jimp/plugin-print@^0.16.1":
    "integrity" "sha512-ceWgYN40jbN4cWRxixym+csyVymvrryuKBQ+zoIvN5iE6OyS+2d7Mn4zlNgumSczb9GGyZZESIgVcBDA1ezq0Q=="
    "resolved" "https://registry.npmjs.org/@jimp/plugin-print/-/plugin-print-0.16.1.tgz"
    "version" "0.16.1"
    dependencies:
      "@babel/runtime" "^7.7.2"
      "@jimp/utils" "^0.16.1"
      "load-bmfont" "^1.4.0"
  
  "@jimp/plugin-resize@^0.16.1", "@jimp/plugin-resize@>=0.3.5", "@jimp/plugin-resize@>=0.8.0":
    "integrity" "sha512-u4JBLdRI7dargC04p2Ha24kofQBk3vhaf0q8FwSYgnCRwxfvh2RxvhJZk9H7Q91JZp6wgjz/SjvEAYjGCEgAwQ=="
    "resolved" "https://registry.npmjs.org/@jimp/plugin-resize/-/plugin-resize-0.16.1.tgz"
    "version" "0.16.1"
    dependencies:
      "@babel/runtime" "^7.7.2"
      "@jimp/utils" "^0.16.1"
  
  "@jimp/plugin-rotate@^0.16.1", "@jimp/plugin-rotate@>=0.3.5":
    "integrity" "sha512-ZUU415gDQ0VjYutmVgAYYxC9Og9ixu2jAGMCU54mSMfuIlmohYfwARQmI7h4QB84M76c9hVLdONWjuo+rip/zg=="
    "resolved" "https://registry.npmjs.org/@jimp/plugin-rotate/-/plugin-rotate-0.16.1.tgz"
    "version" "0.16.1"
    dependencies:
      "@babel/runtime" "^7.7.2"
      "@jimp/utils" "^0.16.1"
  
  "@jimp/plugin-scale@^0.16.1", "@jimp/plugin-scale@>=0.3.5":
    "integrity" "sha512-jM2QlgThIDIc4rcyughD5O7sOYezxdafg/2Xtd1csfK3z6fba3asxDwthqPZAgitrLgiKBDp6XfzC07Y/CefUw=="
    "resolved" "https://registry.npmjs.org/@jimp/plugin-scale/-/plugin-scale-0.16.1.tgz"
    "version" "0.16.1"
    dependencies:
      "@babel/runtime" "^7.7.2"
      "@jimp/utils" "^0.16.1"
  
  "@jimp/plugin-shadow@^0.16.1":
    "integrity" "sha512-MeD2Is17oKzXLnsphAa1sDstTu6nxscugxAEk3ji0GV1FohCvpHBcec0nAq6/czg4WzqfDts+fcPfC79qWmqrA=="
    "resolved" "https://registry.npmjs.org/@jimp/plugin-shadow/-/plugin-shadow-0.16.1.tgz"
    "version" "0.16.1"
    dependencies:
      "@babel/runtime" "^7.7.2"
      "@jimp/utils" "^0.16.1"
  
  "@jimp/plugin-threshold@^0.16.1":
    "integrity" "sha512-iGW8U/wiCSR0+6syrPioVGoSzQFt4Z91SsCRbgNKTAk7D+XQv6OI78jvvYg4o0c2FOlwGhqz147HZV5utoSLxA=="
    "resolved" "https://registry.npmjs.org/@jimp/plugin-threshold/-/plugin-threshold-0.16.1.tgz"
    "version" "0.16.1"
    dependencies:
      "@babel/runtime" "^7.7.2"
      "@jimp/utils" "^0.16.1"
  
  "@jimp/plugins@^0.16.1":
    "integrity" "sha512-c+lCqa25b+4q6mJZSetlxhMoYuiltyS+ValLzdwK/47+aYsq+kcJNl+TuxIEKf59yr9+5rkbpsPkZHLF/V7FFA=="
    "resolved" "https://registry.npmjs.org/@jimp/plugins/-/plugins-0.16.1.tgz"
    "version" "0.16.1"
    dependencies:
      "@babel/runtime" "^7.7.2"
      "@jimp/plugin-blit" "^0.16.1"
      "@jimp/plugin-blur" "^0.16.1"
      "@jimp/plugin-circle" "^0.16.1"
      "@jimp/plugin-color" "^0.16.1"
      "@jimp/plugin-contain" "^0.16.1"
      "@jimp/plugin-cover" "^0.16.1"
      "@jimp/plugin-crop" "^0.16.1"
      "@jimp/plugin-displace" "^0.16.1"
      "@jimp/plugin-dither" "^0.16.1"
      "@jimp/plugin-fisheye" "^0.16.1"
      "@jimp/plugin-flip" "^0.16.1"
      "@jimp/plugin-gaussian" "^0.16.1"
      "@jimp/plugin-invert" "^0.16.1"
      "@jimp/plugin-mask" "^0.16.1"
      "@jimp/plugin-normalize" "^0.16.1"
      "@jimp/plugin-print" "^0.16.1"
      "@jimp/plugin-resize" "^0.16.1"
      "@jimp/plugin-rotate" "^0.16.1"
      "@jimp/plugin-scale" "^0.16.1"
      "@jimp/plugin-shadow" "^0.16.1"
      "@jimp/plugin-threshold" "^0.16.1"
      "timm" "^1.6.1"
  
  "@jimp/png@^0.16.1":
    "integrity" "sha512-iyWoCxEBTW0OUWWn6SveD4LePW89kO7ZOy5sCfYeDM/oTPLpR8iMIGvZpZUz1b8kvzFr27vPst4E5rJhGjwsdw=="
    "resolved" "https://registry.npmjs.org/@jimp/png/-/png-0.16.1.tgz"
    "version" "0.16.1"
    dependencies:
      "@babel/runtime" "^7.7.2"
      "@jimp/utils" "^0.16.1"
      "pngjs" "^3.3.3"
  
  "@jimp/tiff@^0.16.1":
    "integrity" "sha512-3K3+xpJS79RmSkAvFMgqY5dhSB+/sxhwTFA9f4AVHUK0oKW+u6r52Z1L0tMXHnpbAdR9EJ+xaAl2D4x19XShkQ=="
    "resolved" "https://registry.npmjs.org/@jimp/tiff/-/tiff-0.16.1.tgz"
    "version" "0.16.1"
    dependencies:
      "@babel/runtime" "^7.7.2"
      "utif" "^2.0.1"
  
  "@jimp/types@^0.16.1":
    "integrity" "sha512-g1w/+NfWqiVW4CaXSJyD28JQqZtm2eyKMWPhBBDCJN9nLCN12/Az0WFF3JUAktzdsEC2KRN2AqB1a2oMZBNgSQ=="
    "resolved" "https://registry.npmjs.org/@jimp/types/-/types-0.16.1.tgz"
    "version" "0.16.1"
    dependencies:
      "@babel/runtime" "^7.7.2"
      "@jimp/bmp" "^0.16.1"
      "@jimp/gif" "^0.16.1"
      "@jimp/jpeg" "^0.16.1"
      "@jimp/png" "^0.16.1"
      "@jimp/tiff" "^0.16.1"
      "timm" "^1.6.1"
  
  "@jimp/utils@^0.16.1":
    "integrity" "sha512-8fULQjB0x4LzUSiSYG6ZtQl355sZjxbv8r9PPAuYHzS9sGiSHJQavNqK/nKnpDsVkU88/vRGcE7t3nMU0dEnVw=="
    "resolved" "https://registry.npmjs.org/@jimp/utils/-/utils-0.16.1.tgz"
    "version" "0.16.1"
    dependencies:
      "@babel/runtime" "^7.7.2"
      "regenerator-runtime" "^0.13.3"
  
  "@polkadot/api-derive@5.1.1":
    "integrity" "sha512-3Y0T5HwdqUXOra7CwgFEqBzZ7eNYgeBM8WsA0bEz+WuaCkldTrnFFMpjUhLwpf/CHTdEbn0dPoqwh6Q15dzJVA=="
    "resolved" "https://registry.npmjs.org/@polkadot/api-derive/-/api-derive-5.1.1.tgz"
    "version" "5.1.1"
    dependencies:
      "@babel/runtime" "^7.14.6"
      "@polkadot/api" "5.1.1"
      "@polkadot/rpc-core" "5.1.1"
      "@polkadot/types" "5.1.1"
      "@polkadot/util" "^7.0.2"
      "@polkadot/util-crypto" "^7.0.2"
      "rxjs" "^7.2.0"
  
  "@polkadot/api@*", "@polkadot/api@^5.1.1", "@polkadot/api@5.1.1":
    "integrity" "sha512-dBumQsSiHpyQ2kawpE2KbAROJxA2L06ISJ7G2ZGiOwQbFwGQWqN6i2inCKNY7smBCJrQAtCfYQBZWOSdn0avRw=="
    "resolved" "https://registry.npmjs.org/@polkadot/api/-/api-5.1.1.tgz"
    "version" "5.1.1"
    dependencies:
      "@babel/runtime" "^7.14.6"
      "@polkadot/api-derive" "5.1.1"
      "@polkadot/keyring" "^7.0.2"
      "@polkadot/rpc-core" "5.1.1"
      "@polkadot/rpc-provider" "5.1.1"
      "@polkadot/types" "5.1.1"
      "@polkadot/types-known" "5.1.1"
      "@polkadot/util" "^7.0.2"
      "@polkadot/util-crypto" "^7.0.2"
      "eventemitter3" "^4.0.7"
      "rxjs" "^7.2.0"
  
  "@polkadot/extension-dapp@^0.39.1":
    "integrity" "sha512-q8/LiDD1p1a21Zvcb2gwfT0fymca2PmQEqXvPrt4quuDBazLF8ENQESodbFzyTfnHmidICC2e31Ehmwe75wOLg=="
    "resolved" "https://registry.npmjs.org/@polkadot/extension-dapp/-/extension-dapp-0.39.1.tgz"
    "version" "0.39.1"
    dependencies:
      "@babel/runtime" "^7.14.6"
      "@polkadot/extension-inject" "^0.39.1"
      "@polkadot/util" "^7.0.1"
      "@polkadot/util-crypto" "^7.0.1"
  
  "@polkadot/extension-inject@^0.39.1":
    "integrity" "sha512-vC3giLEw8ajTzx3fXY7VxUIV08YjcLuvIDEh1+91Hz3Q1SEPUV+2HslbNGBZGW0zpignuUKcGimkz+PVNrEAgQ=="
    "resolved" "https://registry.npmjs.org/@polkadot/extension-inject/-/extension-inject-0.39.1.tgz"
    "version" "0.39.1"
    dependencies:
      "@babel/runtime" "^7.14.6"
  
  "@polkadot/keyring@^7.0.2":
    "integrity" "sha512-EV2lR4wV4uX4UHpBjcZgqKKOFvGR2fN2SvUXP/VLE+u2lK7wjNlx72MI9IbhlqJEg3j7SPqXH7BEw60w690vDQ=="
    "resolved" "https://registry.npmjs.org/@polkadot/keyring/-/keyring-7.0.2.tgz"
    "version" "7.0.2"
    dependencies:
      "@babel/runtime" "^7.14.6"
      "@polkadot/util" "7.0.2"
      "@polkadot/util-crypto" "7.0.2"
  
  "@polkadot/networks@^7.0.2", "@polkadot/networks@7.0.2":
    "integrity" "sha512-KP8T1uaUkwzmsOZPnpJ+EZWOTR26v+BxxeV9kc7NoD3UrSVHcHI7uz1mKfhmTn9gSDf04DqQ1zmFr6PIMlhncw=="
    "resolved" "https://registry.npmjs.org/@polkadot/networks/-/networks-7.0.2.tgz"
    "version" "7.0.2"
    dependencies:
      "@babel/runtime" "^7.14.6"
  
  "@polkadot/rpc-core@5.1.1":
    "integrity" "sha512-qzx1D7SpPk6lRMLHJZDKUFFXLRir2JV+r7SofmBJwpJxzBMAdRfEoD1qZI8H0Vz3BB5hz7vGFEdyNlYUOhHWaQ=="
    "resolved" "https://registry.npmjs.org/@polkadot/rpc-core/-/rpc-core-5.1.1.tgz"
    "version" "5.1.1"
    dependencies:
      "@babel/runtime" "^7.14.6"
      "@polkadot/rpc-provider" "5.1.1"
      "@polkadot/types" "5.1.1"
      "@polkadot/util" "^7.0.2"
      "rxjs" "^7.2.0"
  
  "@polkadot/rpc-provider@5.1.1":
    "integrity" "sha512-5/KeJxQcOfae5GT1CnuArHJREl+eh6wfIUjJaeO48x4caIbCgm4jnubjrSwhONLzSLDObsoomqJwA4zUh6OLQw=="
    "resolved" "https://registry.npmjs.org/@polkadot/rpc-provider/-/rpc-provider-5.1.1.tgz"
    "version" "5.1.1"
    dependencies:
      "@babel/runtime" "^7.14.6"
      "@polkadot/types" "5.1.1"
      "@polkadot/util" "^7.0.2"
      "@polkadot/util-crypto" "^7.0.2"
      "@polkadot/x-fetch" "^7.0.2"
      "@polkadot/x-global" "^7.0.2"
      "@polkadot/x-ws" "^7.0.2"
      "eventemitter3" "^4.0.7"
  
  "@polkadot/types-known@5.1.1":
    "integrity" "sha512-XlTAB2T5lxdTXVz5Yscng+EjV3V/wUapoEm+Ac+AjEeqXz6dhYTaiap6IQGtxLWmrMmhaeH5xIAEHVkWwEYcNA=="
    "resolved" "https://registry.npmjs.org/@polkadot/types-known/-/types-known-5.1.1.tgz"
    "version" "5.1.1"
    dependencies:
      "@babel/runtime" "^7.14.6"
      "@polkadot/networks" "^7.0.2"
      "@polkadot/types" "5.1.1"
      "@polkadot/util" "^7.0.2"
  
  "@polkadot/types@5.1.1":
    "integrity" "sha512-9NOLghfAV+P3wZys3DHL350TMY+UL/lRB4ZOAwRFBfye2FYVklNqzEkudKPDSEaKqRpx7KRaETpC/txWQLAwfw=="
    "resolved" "https://registry.npmjs.org/@polkadot/types/-/types-5.1.1.tgz"
    "version" "5.1.1"
    dependencies:
      "@babel/runtime" "^7.14.6"
      "@polkadot/util" "^7.0.2"
      "@polkadot/util-crypto" "^7.0.2"
      "rxjs" "^7.2.0"
  
  "@polkadot/util-crypto@^7.0.1", "@polkadot/util-crypto@^7.0.2", "@polkadot/util-crypto@7.0.2":
    "integrity" "sha512-d4X+4YQOiVqIV82fU1DaOWMRKawpDVHZBsCMkE6twYadpc/BlNfrksiUhmTUklZPPMF6jIfLPjz8j7fH7GZeCQ=="
    "resolved" "https://registry.npmjs.org/@polkadot/util-crypto/-/util-crypto-7.0.2.tgz"
    "version" "7.0.2"
    dependencies:
      "@babel/runtime" "^7.14.6"
      "@polkadot/networks" "7.0.2"
      "@polkadot/util" "7.0.2"
      "@polkadot/wasm-crypto" "^4.1.2"
      "@polkadot/x-randomvalues" "7.0.2"
      "base-x" "^3.0.8"
      "base64-js" "^1.5.1"
      "blakejs" "^1.1.1"
      "bn.js" "^4.11.9"
      "create-hash" "^1.2.0"
      "elliptic" "^6.5.4"
      "hash.js" "^1.1.7"
      "js-sha3" "^0.8.0"
      "scryptsy" "^2.1.0"
      "tweetnacl" "^1.0.3"
      "xxhashjs" "^0.2.2"
  
  "@polkadot/util@*", "@polkadot/util@^7.0.1", "@polkadot/util@^7.0.2", "@polkadot/util@7.0.2":
    "integrity" "sha512-NJHRprsEZ61p9Ch0CSch0O8lHFC9rzYinOSPYmbsur7upZJKNzeqnQ7GxiMI/4u9lznfAmD/TW6BTwkWHenncg=="
    "resolved" "https://registry.npmjs.org/@polkadot/util/-/util-7.0.2.tgz"
    "version" "7.0.2"
    dependencies:
      "@babel/runtime" "^7.14.6"
      "@polkadot/x-textdecoder" "7.0.2"
      "@polkadot/x-textencoder" "7.0.2"
      "@types/bn.js" "^4.11.6"
      "bn.js" "^4.11.9"
      "camelcase" "^5.3.1"
      "ip-regex" "^4.3.0"
  
  "@polkadot/wasm-crypto-asmjs@^4.1.2":
    "integrity" "sha512-3Q+vVUxDAC2tXgKMM3lKzx2JW+tarDpTjkvdxIKATyi8Ek69KkUqvMyJD0VL/iFZOFZED0YDX9UU4XOJ/astlg=="
    "resolved" "https://registry.npmjs.org/@polkadot/wasm-crypto-asmjs/-/wasm-crypto-asmjs-4.1.2.tgz"
    "version" "4.1.2"
    dependencies:
      "@babel/runtime" "^7.14.6"
  
  "@polkadot/wasm-crypto-wasm@^4.1.2":
    "integrity" "sha512-/l4IBEdQ41szHdHkuF//z1qr+XmWuLHlpBA7s9Eb221m1Fir6AKoCHoh1hp1r3v0ecZYLKvak1B225w6JAU3Fg=="
    "resolved" "https://registry.npmjs.org/@polkadot/wasm-crypto-wasm/-/wasm-crypto-wasm-4.1.2.tgz"
    "version" "4.1.2"
    dependencies:
      "@babel/runtime" "^7.14.6"
  
  "@polkadot/wasm-crypto@^4.1.2":
    "integrity" "sha512-2EKdOjIrD2xHP2rC+0G/3Qo6926nL/18vCFkd34lBd9zP9YNF2GDEtDY+zAeDIRFKe1sQHTpsKgNdYSWoV2eBg=="
    "resolved" "https://registry.npmjs.org/@polkadot/wasm-crypto/-/wasm-crypto-4.1.2.tgz"
    "version" "4.1.2"
    dependencies:
      "@babel/runtime" "^7.14.6"
      "@polkadot/wasm-crypto-asmjs" "^4.1.2"
      "@polkadot/wasm-crypto-wasm" "^4.1.2"
  
  "@polkadot/x-fetch@^7.0.2":
    "integrity" "sha512-S2akk8RfPXcO51mnmOFzTe3aLL26eCVMlq40CTvGQfv/BWUAxQTJYhOfkVb+DpoTT+SVaIRW8I6tuyX4FQH3Bg=="
    "resolved" "https://registry.npmjs.org/@polkadot/x-fetch/-/x-fetch-7.0.2.tgz"
    "version" "7.0.2"
    dependencies:
      "@babel/runtime" "^7.14.6"
      "@polkadot/x-global" "7.0.2"
      "@types/node-fetch" "^2.5.11"
      "node-fetch" "^2.6.1"
  
  "@polkadot/x-global@^7.0.2", "@polkadot/x-global@7.0.2":
    "integrity" "sha512-2M751KKNX5Rne8cO/Xx014eI8uq7SCr97Zl+bXaeZqChjgy0AeNd8/E4g2zcvjXXU6EiB+p51oCzEv3j5psq3w=="
    "resolved" "https://registry.npmjs.org/@polkadot/x-global/-/x-global-7.0.2.tgz"
    "version" "7.0.2"
    dependencies:
      "@babel/runtime" "^7.14.6"
  
  "@polkadot/x-randomvalues@*", "@polkadot/x-randomvalues@^7.0.2", "@polkadot/x-randomvalues@7.0.2":
    "integrity" "sha512-KmfEL75dU2jvLEJBLScoNXnC489jW0LvFPeFXD4uoLNRaaLesJ+wWcbGN+Ek1lHJDnGCNfk0AdHfJCWNyxE96A=="
    "resolved" "https://registry.npmjs.org/@polkadot/x-randomvalues/-/x-randomvalues-7.0.2.tgz"
    "version" "7.0.2"
    dependencies:
      "@babel/runtime" "^7.14.6"
      "@polkadot/x-global" "7.0.2"
  
  "@polkadot/x-textdecoder@7.0.2":
    "integrity" "sha512-eFJFdAS6K9nt/9i+jnehSKPHrvkFwkS5WdtqkNetT530dpD/BWg7wRTZApJQhN7Q8A6zSGvZnee1EJt4aNK0Bw=="
    "resolved" "https://registry.npmjs.org/@polkadot/x-textdecoder/-/x-textdecoder-7.0.2.tgz"
    "version" "7.0.2"
    dependencies:
      "@babel/runtime" "^7.14.6"
      "@polkadot/x-global" "7.0.2"
  
  "@polkadot/x-textencoder@7.0.2":
    "integrity" "sha512-6l4f6VlOMXz83R1QanA21EHPbpfn1odKiV9FFa9dY9bIuyMUwtDkKW+XsQqcvWJCsa26OSwGwDHQ9ru6rV+6CQ=="
    "resolved" "https://registry.npmjs.org/@polkadot/x-textencoder/-/x-textencoder-7.0.2.tgz"
    "version" "7.0.2"
    dependencies:
      "@babel/runtime" "^7.14.6"
      "@polkadot/x-global" "7.0.2"
  
  "@polkadot/x-ws@^7.0.2":
    "integrity" "sha512-UfzOBQFBcBcbWDMLSUvb0uh112JbDgXhzTGC9yXABwD8/WZTbi7E7TpcXDpu8xVaGfE4A3aYO9KVxIi+PrCfrw=="
    "resolved" "https://registry.npmjs.org/@polkadot/x-ws/-/x-ws-7.0.2.tgz"
    "version" "7.0.2"
    dependencies:
      "@babel/runtime" "^7.14.6"
      "@polkadot/x-global" "7.0.2"
      "@types/websocket" "^1.0.3"
      "websocket" "^1.0.34"
  
  "@types/bn.js@^4.11.6":
    "integrity" "sha512-pqr857jrp2kPuO9uRjZ3PwnJTjoQy+fcdxvBTvHm6dkmEL9q+hDD/2j/0ELOBPtPnS8LjCX0gI9nbl8lVkadpg=="
    "resolved" "https://registry.npmjs.org/@types/bn.js/-/bn.js-4.11.6.tgz"
    "version" "4.11.6"
    dependencies:
      "@types/node" "*"
  
  "@types/lodash@*":
    "integrity" "sha512-7eQ2xYLLI/LsicL2nejW9Wyko3lcpN6O/z0ZLHrEQsg280zIdCv1t/0m6UtBjUHokCGBQ3gYTbHzDkZ1xOBwwg=="
    "resolved" "https://registry.npmjs.org/@types/lodash/-/lodash-4.14.171.tgz"
    "version" "4.14.171"
  
  "@types/lowdb@^1.0.9":
    "integrity" "sha512-h99VMxvTuz+VsXUVCCJo4dsps4vbkXwvU71TpmxDoiBU24bJ0VBygIHgmMm+UPoQIFihmV6euRik4z8J7XDJWg=="
    "resolved" "https://registry.npmjs.org/@types/lowdb/-/lowdb-1.0.11.tgz"
    "version" "1.0.11"
    dependencies:
      "@types/lodash" "*"
  
  "@types/node-fetch@^2.5.11":
    "integrity" "sha512-MKgC4dlq4kKNa/mYrwpKfzQMB5X3ee5U6fSprkKpToBqBmX4nFZL9cW5jl6sWn+xpRJ7ypWh2yyqqr8UUCstSw=="
    "resolved" "https://registry.npmjs.org/@types/node-fetch/-/node-fetch-2.5.12.tgz"
    "version" "2.5.12"
    dependencies:
      "@types/node" "*"
      "form-data" "^3.0.0"
  
  "@types/node@*":
    "integrity" "sha512-UW7cbLqf/Wu5XH2RKKY1cHwUNLicIDRLMraYKz+HHAerJ0ZffUEk+fMnd8qU2JaS6cAy0r8tsaf7yqHASf/Y0Q=="
    "resolved" "https://registry.npmjs.org/@types/node/-/node-16.4.1.tgz"
    "version" "16.4.1"
  
  "@types/websocket@^1.0.3":
    "integrity" "sha512-ZdoTSwmDsKR7l1I8fpfQtmTI/hUwlOvE3q0iyJsp4tXU0MkdrYowimDzwxjhQvxU4qjhHLd3a6ig0OXRbLgIdw=="
    "resolved" "https://registry.npmjs.org/@types/websocket/-/websocket-1.0.3.tgz"
    "version" "1.0.3"
    dependencies:
      "@types/node" "*"
  
  "abort-controller@^3.0.0":
    "integrity" "sha512-h8lQ8tacZYnR3vNQTgibj+tODHI5/+l06Au2Pcriv/Gmet0eaj4TwWH41sO9wnHDiQsEj19q0drzdWdeAHtweg=="
    "resolved" "https://registry.npmjs.org/abort-controller/-/abort-controller-3.0.0.tgz"
    "version" "3.0.0"
    dependencies:
      "event-target-shim" "^5.0.0"
  
  "ansi-regex@^4.1.0":
    "integrity" "sha512-1apePfXM1UOSqw0o9IiFAovVz9M5S1Dg+4TrDwfMewQ6p/rmMueb7tWZjQ1rx4Loy1ArBggoqGpfqqdI4rondg=="
    "resolved" "https://registry.npmjs.org/ansi-regex/-/ansi-regex-4.1.0.tgz"
    "version" "4.1.0"
  
  "ansi-styles@^3.2.0":
    "integrity" "sha512-VT0ZI6kZRdTh8YyJw3SMbYm/u+NqfsAxEpWO0Pf9sq8/e94WxxOpPKx9FR1FlyCtOVDNOQ+8ntlqFxiRc+r5qA=="
    "resolved" "https://registry.npmjs.org/ansi-styles/-/ansi-styles-3.2.1.tgz"
    "version" "3.2.1"
    dependencies:
      "color-convert" "^1.9.0"
  
  "ansi-styles@^4.1.0":
    "integrity" "sha512-zbB9rCJAT1rbjiVDb2hqKFHNYLxgtk8NURxZ3IZwD3F6NtxbXZQCnnSi1Lkx+IDohdPlFp222wVALIheZJQSEg=="
    "resolved" "https://registry.npmjs.org/ansi-styles/-/ansi-styles-4.3.0.tgz"
    "version" "4.3.0"
    dependencies:
      "color-convert" "^2.0.1"
  
  "any-base@^1.1.0":
    "integrity" "sha512-uMgjozySS8adZZYePpaWs8cxB9/kdzmpX6SgJZ+wbz1K5eYk5QMYDVJaZKhxyIHUdnnJkfR7SVgStgH7LkGUyg=="
    "resolved" "https://registry.npmjs.org/any-base/-/any-base-1.1.0.tgz"
    "version" "1.1.0"
  
  "async@^3.1.0":
    "integrity" "sha512-TR2mEZFVOj2pLStYxLht7TyfuRzaydfpxr3k9RpHIzMgw7A64dzsdqCxH1WJyQdoe8T10nDXd9wnEigmiuHIZw=="
    "resolved" "https://registry.npmjs.org/async/-/async-3.2.0.tgz"
    "version" "3.2.0"
  
  "asynckit@^0.4.0":
    "integrity" "sha1-x57Zf380y48robyXkLzDZkdLS3k="
    "resolved" "https://registry.npmjs.org/asynckit/-/asynckit-0.4.0.tgz"
    "version" "0.4.0"
  
  "base-x@^3.0.8":
    "integrity" "sha512-Rl/1AWP4J/zRrk54hhlxH4drNxPJXYUaKffODVI53/dAsV4t9fBxyxYKAVPU1XBHxYwOWP9h9H0hM2MVw4YfJA=="
    "resolved" "https://registry.npmjs.org/base-x/-/base-x-3.0.8.tgz"
    "version" "3.0.8"
    dependencies:
      "safe-buffer" "^5.0.1"
  
  "base64-js@^1.3.1", "base64-js@^1.5.1":
    "integrity" "sha512-AKpaYlHn8t4SVbOHCy+b5+KKgvR4vrsD8vbvrbiQJps7fKDTkjkDry6ji0rUJjC0kzbNePLwzxq8iypo41qeWA=="
    "resolved" "https://registry.npmjs.org/base64-js/-/base64-js-1.5.1.tgz"
    "version" "1.5.1"
  
  "bent@^7.3.12":
    "integrity" "sha512-T3yrKnVGB63zRuoco/7Ybl7BwwGZR0lceoVG5XmQyMIH9s19SV5m+a8qam4if0zQuAmOQTyPTPmsQBdAorGK3w=="
    "resolved" "https://registry.npmjs.org/bent/-/bent-7.3.12.tgz"
    "version" "7.3.12"
    dependencies:
      "bytesish" "^0.4.1"
      "caseless" "~0.12.0"
      "is-stream" "^2.0.0"
  
  "bignumber.js@^9.0.1":
    "integrity" "sha512-IdZR9mh6ahOBv/hYGiXyVuyCetmGJhtYkqLBpTStdhEGjegpPlUawydyaF3pbIOFynJTpllEs+NP+CS9jKFLjA=="
    "resolved" "https://registry.npmjs.org/bignumber.js/-/bignumber.js-9.0.1.tgz"
    "version" "9.0.1"
  
  "bintrees@1.0.1":
    "integrity" "sha1-DmVcm5wkNeqraL9AJyJtK1WjRSQ="
    "resolved" "https://registry.npmjs.org/bintrees/-/bintrees-1.0.1.tgz"
    "version" "1.0.1"
  
  "blakejs@^1.1.1":
    "integrity" "sha512-bLG6PHOCZJKNshTjGRBvET0vTciwQE6zFKOKKXPDJfwFBd4Ac0yBfPZqcGvGJap50l7ktvlpFqc2jGVaUgbJgg=="
    "resolved" "https://registry.npmjs.org/blakejs/-/blakejs-1.1.1.tgz"
    "version" "1.1.1"
  
  "bmp-js@^0.1.0":
    "integrity" "sha1-4Fpj95amwf8l9Hcex62twUjAcjM="
    "resolved" "https://registry.npmjs.org/bmp-js/-/bmp-js-0.1.0.tgz"
    "version" "0.1.0"
  
  "bn.js@^4.11.9":
    "integrity" "sha512-c98Bf3tPniI+scsdk237ku1Dc3ujXQTSgyiPUDEOe7tRkhrqridvh8klBv0HCEso1OLOYcHuCv/cS6DNxKH+ZA=="
    "resolved" "https://registry.npmjs.org/bn.js/-/bn.js-4.12.0.tgz"
    "version" "4.12.0"
  
  "brorand@^1.1.0":
    "integrity" "sha1-EsJe/kCkXjwyPrhnWgoM5XsiNx8="
    "resolved" "https://registry.npmjs.org/brorand/-/brorand-1.1.0.tgz"
    "version" "1.1.0"
  
  "buffer-alloc-unsafe@^1.1.0":
    "integrity" "sha512-TEM2iMIEQdJ2yjPJoSIsldnleVaAk1oW3DBVUykyOLsEsFmEc9kn+SFFPz+gl54KQNxlDnAwCXosOS9Okx2xAg=="
    "resolved" "https://registry.npmjs.org/buffer-alloc-unsafe/-/buffer-alloc-unsafe-1.1.0.tgz"
    "version" "1.1.0"
  
  "buffer-alloc@^1.2.0":
    "integrity" "sha512-CFsHQgjtW1UChdXgbyJGtnm+O/uLQeZdtbDo8mfUgYXCHSM1wgrVxXm6bSyrUuErEb+4sYVGCzASBRot7zyrow=="
    "resolved" "https://registry.npmjs.org/buffer-alloc/-/buffer-alloc-1.2.0.tgz"
    "version" "1.2.0"
    dependencies:
      "buffer-alloc-unsafe" "^1.1.0"
      "buffer-fill" "^1.0.0"
  
  "buffer-equal@0.0.1":
    "integrity" "sha1-kbx0sR6kBbyRa8aqkI+q+ltKrEs="
    "resolved" "https://registry.npmjs.org/buffer-equal/-/buffer-equal-0.0.1.tgz"
    "version" "0.0.1"
  
  "buffer-fill@^1.0.0":
    "integrity" "sha1-+PeLdniYiO858gXNY39o5wISKyw="
    "resolved" "https://registry.npmjs.org/buffer-fill/-/buffer-fill-1.0.0.tgz"
    "version" "1.0.0"
  
  "buffer-from@^1.1.1":
    "integrity" "sha512-MQcXEUbCKtEo7bhqEs6560Hyd4XaovZlO/k9V3hjVUF/zwW7KBVdSK4gIt/bzwS9MbR5qob+F5jusZsb0YQK2A=="
    "resolved" "https://registry.npmjs.org/buffer-from/-/buffer-from-1.1.1.tgz"
    "version" "1.1.1"
  
  "buffer@^5.2.0", "buffer@^5.4.3":
    "integrity" "sha512-EHcyIPBQ4BSGlvjB16k5KgAJ27CIsHY/2JBmCRReo48y9rQ3MaUzWX3KVlBa4U7MyX02HdVj0K7C3WaB3ju7FQ=="
    "resolved" "https://registry.npmjs.org/buffer/-/buffer-5.7.1.tgz"
    "version" "5.7.1"
    dependencies:
      "base64-js" "^1.3.1"
      "ieee754" "^1.1.13"
  
  "bufferutil@^4.0.1":
    "integrity" "sha512-yEYTwGndELGvfXsImMBLop58eaGW+YdONi1fNjTINSY98tmMmFijBG6WXgdkfuLNt4imzQNtIE+eBp1PVpMCSw=="
    "resolved" "https://registry.npmjs.org/bufferutil/-/bufferutil-4.0.3.tgz"
    "version" "4.0.3"
    dependencies:
      "node-gyp-build" "^4.2.0"
  
  "bytesish@^0.4.1":
    "integrity" "sha512-i4uu6M4zuMUiyfZN4RU2+i9+peJh//pXhd9x1oSe1LBkZ3LEbCoygu8W0bXTukU1Jme2txKuotpCZRaC3FLxcQ=="
    "resolved" "https://registry.npmjs.org/bytesish/-/bytesish-0.4.4.tgz"
    "version" "0.4.4"
  
  "camelcase@^5.0.0", "camelcase@^5.3.1":
    "integrity" "sha512-L28STB170nwWS63UjtlEOE3dldQApaJXZkOI1uMFfzf3rRuPegHaHesyee+YxQ+W6SvRDQV6UrdOdRiR153wJg=="
    "resolved" "https://registry.npmjs.org/camelcase/-/camelcase-5.3.1.tgz"
    "version" "5.3.1"
  
  "caseless@~0.12.0":
    "integrity" "sha1-G2gcIf+EAzyCZUMJBolCDRhxUdw="
    "resolved" "https://registry.npmjs.org/caseless/-/caseless-0.12.0.tgz"
    "version" "0.12.0"
  
  "chalk@^4.1.0":
    "integrity" "sha512-diHzdDKxcU+bAsUboHLPEDQiw0qEe0qd7SYUn3HgcFlWgbDcfLGswOHYeGrHKzG9z6UYf01d9VFMfZxPM1xZSg=="
    "resolved" "https://registry.npmjs.org/chalk/-/chalk-4.1.1.tgz"
    "version" "4.1.1"
    dependencies:
      "ansi-styles" "^4.1.0"
      "supports-color" "^7.1.0"
  
  "cipher-base@^1.0.1":
    "integrity" "sha512-Kkht5ye6ZGmwv40uUDZztayT2ThLQGfnj/T71N/XzeZeo3nf8foyW7zGTsPYkEya3m5f3cAypH+qe7YOrM1U2Q=="
    "resolved" "https://registry.npmjs.org/cipher-base/-/cipher-base-1.0.4.tgz"
    "version" "1.0.4"
    dependencies:
      "inherits" "^2.0.1"
      "safe-buffer" "^5.0.1"
  
  "cliui@^5.0.0":
    "integrity" "sha512-PYeGSEmmHM6zvoef2w8TPzlrnNpXIjTipYK780YswmIP9vjxmd6Y2a3CB2Ks6/AU8NHjZugXvo8w3oWM2qnwXA=="
    "resolved" "https://registry.npmjs.org/cliui/-/cliui-5.0.0.tgz"
    "version" "5.0.0"
    dependencies:
      "string-width" "^3.1.0"
      "strip-ansi" "^5.2.0"
      "wrap-ansi" "^5.1.0"
  
  "color-convert@^1.9.0":
    "integrity" "sha512-QfAUtd+vFdAtFQcC8CCyYt1fYWxSqAiK2cSD6zDB8N3cpsEBAvRxp9zOGg6G/SHHJYAT88/az/IuDGALsNVbGg=="
    "resolved" "https://registry.npmjs.org/color-convert/-/color-convert-1.9.3.tgz"
    "version" "1.9.3"
    dependencies:
      "color-name" "1.1.3"
  
  "color-convert@^1.9.1":
    "integrity" "sha512-QfAUtd+vFdAtFQcC8CCyYt1fYWxSqAiK2cSD6zDB8N3cpsEBAvRxp9zOGg6G/SHHJYAT88/az/IuDGALsNVbGg=="
    "resolved" "https://registry.npmjs.org/color-convert/-/color-convert-1.9.3.tgz"
    "version" "1.9.3"
    dependencies:
      "color-name" "1.1.3"
  
  "color-convert@^2.0.1":
    "integrity" "sha512-RRECPsj7iu/xb5oKYcsFHSppFNnsj/52OVTRKb4zP5onXwVF3zVmmToNcOfGC+CRDpfK/U584fMg38ZHCaElKQ=="
    "resolved" "https://registry.npmjs.org/color-convert/-/color-convert-2.0.1.tgz"
    "version" "2.0.1"
    dependencies:
      "color-name" "~1.1.4"
  
  "color-name@^1.0.0", "color-name@~1.1.4":
    "integrity" "sha512-dOy+3AuW3a2wNbZHIuMZpTcgjGuLU/uBL/ubcZF9OXbDo8ff4O8yVp5Bf0efS8uEoYo5q4Fx7dY9OgQGXgAsQA=="
    "resolved" "https://registry.npmjs.org/color-name/-/color-name-1.1.4.tgz"
    "version" "1.1.4"
  
  "color-name@1.1.3":
    "integrity" "sha1-p9BVi9icQveV3UIyj3QIMcpTvCU="
    "resolved" "https://registry.npmjs.org/color-name/-/color-name-1.1.3.tgz"
    "version" "1.1.3"
  
  "color-string@^1.5.2":
    "integrity" "sha512-c/hGS+kRWJutUBEngKKmk4iH3sD59MBkoxVapS/0wgpCz2u7XsNloxknyvBhzwEs1IbV36D9PwqLPJ2DTu3vMA=="
    "resolved" "https://registry.npmjs.org/color-string/-/color-string-1.6.0.tgz"
    "version" "1.6.0"
    dependencies:
      "color-name" "^1.0.0"
      "simple-swizzle" "^0.2.2"
  
  "color@3.0.x":
    "integrity" "sha512-jCpd5+s0s0t7p3pHQKpnJ0TpQKKdleP71LWcA0aqiljpiuAkOSUFN/dyH8ZwF0hRmFlrIuRhufds1QyEP9EB+w=="
    "resolved" "https://registry.npmjs.org/color/-/color-3.0.0.tgz"
    "version" "3.0.0"
    dependencies:
      "color-convert" "^1.9.1"
      "color-string" "^1.5.2"
  
  "colors@^1.2.1":
    "integrity" "sha512-a+UqTh4kgZg/SlGvfbzDHpgRu7AAQOmmqRHJnxhRZICKFUT91brVhNNt58CMWU9PsBbv3PDCZUHbVxuDiH2mtA=="
    "resolved" "https://registry.npmjs.org/colors/-/colors-1.4.0.tgz"
    "version" "1.4.0"
  
  "colorspace@1.1.x":
    "integrity" "sha512-vt+OoIP2d76xLhjwbBaucYlNSpPsrJWPlBTtwCpQKIu6/CSMutyzX93O/Do0qzpH3YoHEes8YEFXyZ797rEhzQ=="
    "resolved" "https://registry.npmjs.org/colorspace/-/colorspace-1.1.2.tgz"
    "version" "1.1.2"
    dependencies:
      "color" "3.0.x"
      "text-hex" "1.0.x"
  
  "combined-stream@^1.0.8":
    "integrity" "sha512-FQN4MRfuJeHf7cBbBMJFXhKSDq+2kAArBlmRBvcvFE5BB1HZKXtSFASDhdlz9zOYwxh8lDdnvmMOe/+5cdoEdg=="
    "resolved" "https://registry.npmjs.org/combined-stream/-/combined-stream-1.0.8.tgz"
    "version" "1.0.8"
    dependencies:
      "delayed-stream" "~1.0.0"
  
  "core-util-is@~1.0.0":
    "integrity" "sha1-tf1UIgqivFq1eqtxQMlAdUUDwac="
    "resolved" "https://registry.npmjs.org/core-util-is/-/core-util-is-1.0.2.tgz"
    "version" "1.0.2"
  
  "create-hash@^1.2.0":
    "integrity" "sha512-z00bCGNHDG8mHAkP7CtT1qVu+bFQUPjYq/4Iv3C3kWjTFV10zIjfSoeqXo9Asws8gwSHDGj/hl2u4OGIjapeCg=="
    "resolved" "https://registry.npmjs.org/create-hash/-/create-hash-1.2.0.tgz"
    "version" "1.2.0"
    dependencies:
      "cipher-base" "^1.0.1"
      "inherits" "^2.0.1"
      "md5.js" "^1.3.4"
      "ripemd160" "^2.0.1"
      "sha.js" "^2.4.0"
  
  "crypto@^1.0.1":
    "integrity" "sha512-VxBKmeNcqQdiUQUW2Tzq0t377b54N2bMtXO/qiLa+6eRRmmC4qT3D4OnTGoT/U6O9aklQ/jTwbOtRMTTY8G0Ig=="
    "resolved" "https://registry.npmjs.org/crypto/-/crypto-1.0.1.tgz"
    "version" "1.0.1"
  
  "cuint@^0.2.2":
    "integrity" "sha1-QICG1AlVDCYxFVYZ6fp7ytw7mRs="
    "resolved" "https://registry.npmjs.org/cuint/-/cuint-0.2.2.tgz"
    "version" "0.2.2"
  
  "d@^1.0.1", "d@1":
    "integrity" "sha512-m62ShEObQ39CfralilEQRjH6oAMtNCV1xJyEx5LpRYUVN+EviphDgUc/F3hnYbADmkiNs67Y+3ylmlG7Lnu+FA=="
    "resolved" "https://registry.npmjs.org/d/-/d-1.0.1.tgz"
    "version" "1.0.1"
    dependencies:
      "es5-ext" "^0.10.50"
      "type" "^1.0.1"
  
  "debug@^2.0.0 || ^3.0.0 || ^4.0.0", "debug@^4.3.1":
    "integrity" "sha512-mOp8wKcvj7XxC78zLgw/ZA+6TSgkoE2C/ienthhRD298T7UNwAg9diBpLRxC0mOezLl4B0xV7M0cCO6P/O0Xhw=="
    "resolved" "https://registry.npmjs.org/debug/-/debug-4.3.2.tgz"
    "version" "4.3.2"
    dependencies:
      "ms" "2.1.2"
  
  "debug@^2.2.0":
    "integrity" "sha512-bC7ElrdJaJnPbAP+1EotYvqZsb3ecl5wi6Bfi6BJTUcNowp6cvspg0jXznRTKDjm/E7AdgFBVeAPVMNcKGsHMA=="
    "resolved" "https://registry.npmjs.org/debug/-/debug-2.6.9.tgz"
    "version" "2.6.9"
    dependencies:
      "ms" "2.0.0"
  
  "decamelize@^1.2.0":
    "integrity" "sha1-9lNNFRSCabIDUue+4m9QH5oZEpA="
    "resolved" "https://registry.npmjs.org/decamelize/-/decamelize-1.2.0.tgz"
    "version" "1.2.0"
  
  "delayed-stream@~1.0.0":
    "integrity" "sha1-3zrhmayt+31ECqrgsp4icrJOxhk="
    "resolved" "https://registry.npmjs.org/delayed-stream/-/delayed-stream-1.0.0.tgz"
    "version" "1.0.0"
  
  "dijkstrajs@^1.0.1":
    "integrity" "sha512-QV6PMaHTCNmKSeP6QoXhVTw9snc9VD8MulTT0Bd99Pacp4SS1cjcrYPgBPmibqKVtMJJfqC6XvOXgPMEEPH/fg=="
    "resolved" "https://registry.npmjs.org/dijkstrajs/-/dijkstrajs-1.0.2.tgz"
    "version" "1.0.2"
  
  "dom-walk@^0.1.0":
    "integrity" "sha512-6QvTW9mrGeIegrFXdtQi9pk7O/nSK6lSdXW2eqUspN5LWD7UTji2Fqw5V2YLjBpHEoU9Xl/eUWNpDeZvoyOv2w=="
    "resolved" "https://registry.npmjs.org/dom-walk/-/dom-walk-0.1.2.tgz"
    "version" "0.1.2"
  
  "elliptic@^6.5.4":
    "integrity" "sha512-iLhC6ULemrljPZb+QutR5TQGB+pdW6KGD5RSegS+8sorOZT+rdQFbsQFJgvN3eRqNALqJer4oQ16YvJHlU8hzQ=="
    "resolved" "https://registry.npmjs.org/elliptic/-/elliptic-6.5.4.tgz"
    "version" "6.5.4"
    dependencies:
      "bn.js" "^4.11.9"
      "brorand" "^1.1.0"
      "hash.js" "^1.0.0"
      "hmac-drbg" "^1.0.1"
      "inherits" "^2.0.4"
      "minimalistic-assert" "^1.0.1"
      "minimalistic-crypto-utils" "^1.0.1"
  
  "emoji-regex@^7.0.1":
    "integrity" "sha512-CwBLREIQ7LvYFB0WyRvwhq5N5qPhc6PMjD6bYggFlI5YyDgl+0vxq5VHbMOFqLg7hfWzmu8T5Z1QofhmTIhItA=="
    "resolved" "https://registry.npmjs.org/emoji-regex/-/emoji-regex-7.0.3.tgz"
    "version" "7.0.3"
  
  "emoji-regex@^9.2.2":
    "integrity" "sha512-L18DaJsXSUk2+42pv8mLs5jJT2hqFkFE4j21wOmgbUqsZ2hL72NsUU785g9RXgo3s0ZNgVl42TiHp3ZtOv/Vyg=="
    "resolved" "https://registry.npmjs.org/emoji-regex/-/emoji-regex-9.2.2.tgz"
    "version" "9.2.2"
  
  "enabled@2.0.x":
    "integrity" "sha512-AKrN98kuwOzMIdAizXGI86UFBoo26CL21UM763y1h/GMSJ4/OHU9k2YlsmBpyScFo/wbLzWQJBMCW4+IO3/+OQ=="
    "resolved" "https://registry.npmjs.org/enabled/-/enabled-2.0.0.tgz"
    "version" "2.0.0"
  
  "es5-ext@^0.10.35", "es5-ext@^0.10.50":
    "integrity" "sha512-Xs2Stw6NiNHWypzRTY1MtaG/uJlwCk8kH81920ma8mvN8Xq1gsfhZvpkImLQArw8AHnv8MT2I45J3c0R8slE+Q=="
    "resolved" "https://registry.npmjs.org/es5-ext/-/es5-ext-0.10.53.tgz"
    "version" "0.10.53"
    dependencies:
      "es6-iterator" "~2.0.3"
      "es6-symbol" "~3.1.3"
      "next-tick" "~1.0.0"
  
  "es6-iterator@~2.0.3":
    "integrity" "sha1-p96IkUGgWpSwhUQDstCg+/qY87c="
    "resolved" "https://registry.npmjs.org/es6-iterator/-/es6-iterator-2.0.3.tgz"
    "version" "2.0.3"
    dependencies:
      "d" "1"
      "es5-ext" "^0.10.35"
      "es6-symbol" "^3.1.1"
  
  "es6-symbol@^3.1.1", "es6-symbol@~3.1.3":
    "integrity" "sha512-NJ6Yn3FuDinBaBRWl/q5X/s4koRHBrgKAu+yGI6JCBeiu3qrcbJhwT2GeR/EXVfylRk8dpQVJoLEFhK+Mu31NA=="
    "resolved" "https://registry.npmjs.org/es6-symbol/-/es6-symbol-3.1.3.tgz"
    "version" "3.1.3"
    dependencies:
      "d" "^1.0.1"
      "ext" "^1.1.2"
  
  "event-target-shim@^5.0.0":
    "integrity" "sha512-i/2XbnSz/uxRCU6+NdVJgKWDTM427+MqYbkQzD321DuCQJUqOuJKIA0IM2+W2xtYHdKOmZ4dR6fExsd4SXL+WQ=="
    "resolved" "https://registry.npmjs.org/event-target-shim/-/event-target-shim-5.0.1.tgz"
    "version" "5.0.1"
  
  "eventemitter3@^4.0.7":
    "integrity" "sha512-8guHBZCwKnFhYdHr2ysuRWErTwhoN2X8XELRlrRwpmfeY2jjuUN4taQMsULKUVo1K4DvZl+0pgfyoysHxvmvEw=="
    "resolved" "https://registry.npmjs.org/eventemitter3/-/eventemitter3-4.0.7.tgz"
    "version" "4.0.7"
  
  "exif-parser@^0.1.12":
    "integrity" "sha1-WKnS1ywCwfbwKg70qRZicrd2CSI="
    "resolved" "https://registry.npmjs.org/exif-parser/-/exif-parser-0.1.12.tgz"
    "version" "0.1.12"
  
  "ext@^1.1.2":
    "integrity" "sha512-Key5NIsUxdqKg3vIsdw9dSuXpPCQ297y6wBjL30edxwPgt2E44WcWBZey/ZvUc6sERLTxKdyCu4gZFmUbk1Q7A=="
    "resolved" "https://registry.npmjs.org/ext/-/ext-1.4.0.tgz"
    "version" "1.4.0"
    dependencies:
      "type" "^2.0.0"
  
  "fast-safe-stringify@^2.0.4":
    "integrity" "sha512-lXatBjf3WPjmWD6DpIZxkeSsCOwqI0maYMpgDlx8g4U2qi4lbjA9oH/HD2a87G+KfsUmo5WbJFmqBZlPxtptag=="
    "resolved" "https://registry.npmjs.org/fast-safe-stringify/-/fast-safe-stringify-2.0.8.tgz"
    "version" "2.0.8"
  
  "fecha@^4.2.0":
    "integrity" "sha512-MMMQ0ludy/nBs1/o0zVOiKTpG7qMbonKUzjJgQFEuvq6INZ1OraKPRAWkBq5vlKLOUMpmNYG1JoN3oDPUQ9m3Q=="
    "resolved" "https://registry.npmjs.org/fecha/-/fecha-4.2.1.tgz"
    "version" "4.2.1"
  
  "file-type@^9.0.0":
    "integrity" "sha512-Qe/5NJrgIOlwijpq3B7BEpzPFcgzggOTagZmkXQY4LA6bsXKTUstK7Wp12lEJ/mLKTpvIZxmIuRcLYWT6ov9lw=="
    "resolved" "https://registry.npmjs.org/file-type/-/file-type-9.0.0.tgz"
    "version" "9.0.0"
  
  "find-up@^3.0.0":
    "integrity" "sha512-1yD6RmLI1XBfxugvORwlck6f75tYL+iR0jqwsOrOxMZyGYqUuDhJ0l4AXdO1iX/FTs9cBAMEk1gWSEx1kSbylg=="
    "resolved" "https://registry.npmjs.org/find-up/-/find-up-3.0.0.tgz"
    "version" "3.0.0"
    dependencies:
      "locate-path" "^3.0.0"
  
  "fn.name@1.x.x":
    "integrity" "sha512-GRnmB5gPyJpAhTQdSZTSp9uaPSvl09KoYcMQtsB9rQoOmzs9dH6ffeccH+Z+cv6P68Hu5bC6JjRh4Ah/mHSNRw=="
    "resolved" "https://registry.npmjs.org/fn.name/-/fn.name-1.1.0.tgz"
    "version" "1.1.0"
  
  "form-data@^3.0.0":
    "integrity" "sha512-RHkBKtLWUVwd7SqRIvCZMEvAMoGUp0XU+seQiZejj0COz3RI3hWP4sCv3gZWWLjJTd7rGwcsF5eKZGii0r/hbg=="
    "resolved" "https://registry.npmjs.org/form-data/-/form-data-3.0.1.tgz"
    "version" "3.0.1"
    dependencies:
      "asynckit" "^0.4.0"
      "combined-stream" "^1.0.8"
      "mime-types" "^2.1.12"
  
  "get-caller-file@^2.0.1":
    "integrity" "sha512-DyFP3BM/3YHTQOCUL/w0OZHR0lpKeGrxotcHWcqNEdnltqFwXVfhEBQ94eIo34AfQpo0rGki4cyIiftY06h2Fg=="
    "resolved" "https://registry.npmjs.org/get-caller-file/-/get-caller-file-2.0.5.tgz"
    "version" "2.0.5"
  
  "gifwrap@^0.9.2":
    "integrity" "sha512-fcIswrPaiCDAyO8xnWvHSZdWChjKXUanKKpAiWWJ/UTkEi/aYKn5+90e7DE820zbEaVR9CE2y4z9bzhQijZ0BA=="
    "resolved" "https://registry.npmjs.org/gifwrap/-/gifwrap-0.9.2.tgz"
    "version" "0.9.2"
    dependencies:
      "image-q" "^1.1.1"
      "omggif" "^1.0.10"
  
  "global@~4.4.0":
    "integrity" "sha512-wv/LAoHdRE3BeTGz53FAamhGlPLhlssK45usmGFThIi4XqnBmjKQ16u+RNbP7WvigRZDxUsM0J3gcQ5yicaL0w=="
    "resolved" "https://registry.npmjs.org/global/-/global-4.4.0.tgz"
    "version" "4.4.0"
    dependencies:
      "min-document" "^2.19.0"
      "process" "^0.11.10"
  
  "graceful-fs@^4.1.3":
    "integrity" "sha512-nTnJ528pbqxYanhpDYsi4Rd8MAeaBA67+RZ10CM1m3bTAVFEDcd5AuA4a6W5YkGZ1iNXHzZz8T6TBKLeBuNriQ=="
    "resolved" "https://registry.npmjs.org/graceful-fs/-/graceful-fs-4.2.6.tgz"
    "version" "4.2.6"
  
  "has-flag@^4.0.0":
    "integrity" "sha512-EykJT/Q1KjTWctppgIAgfSO0tKVuZUjhgMr17kqTumMl6Afv3EISleU7qZUzoXDFTAHTDC4NOoG/ZxU3EvlMPQ=="
    "resolved" "https://registry.npmjs.org/has-flag/-/has-flag-4.0.0.tgz"
    "version" "4.0.0"
  
  "hash-base@^3.0.0":
    "integrity" "sha512-1nmYp/rhMDiE7AYkDw+lLwlAzz0AntGIe51F3RfFfEqyQ3feY2eI/NcwC6umIQVOASPMsWJLJScWKSSvzL9IVA=="
    "resolved" "https://registry.npmjs.org/hash-base/-/hash-base-3.1.0.tgz"
    "version" "3.1.0"
    dependencies:
      "inherits" "^2.0.4"
      "readable-stream" "^3.6.0"
      "safe-buffer" "^5.2.0"
  
  "hash.js@^1.0.0", "hash.js@^1.0.3", "hash.js@^1.1.7":
    "integrity" "sha512-taOaskGt4z4SOANNseOviYDvjEJinIkRgmp7LbKP2YTTmVxWBl87s/uzK9r+44BclBSp2X7K1hqeNfz9JbBeXA=="
    "resolved" "https://registry.npmjs.org/hash.js/-/hash.js-1.1.7.tgz"
    "version" "1.1.7"
    dependencies:
      "inherits" "^2.0.3"
      "minimalistic-assert" "^1.0.1"
  
  "hmac-drbg@^1.0.1":
    "integrity" "sha1-0nRXAQJabHdabFRXk+1QL8DGSaE="
    "resolved" "https://registry.npmjs.org/hmac-drbg/-/hmac-drbg-1.0.1.tgz"
    "version" "1.0.1"
    dependencies:
      "hash.js" "^1.0.3"
      "minimalistic-assert" "^1.0.0"
      "minimalistic-crypto-utils" "^1.0.1"
  
  "ieee754@^1.1.13":
    "integrity" "sha512-dcyqhDvX1C46lXZcVqCpK+FtMRQVdIMN6/Df5js2zouUsqG7I6sFxitIC+7KYK29KdXOLHdu9zL4sFnoVQnqaA=="
    "resolved" "https://registry.npmjs.org/ieee754/-/ieee754-1.2.1.tgz"
    "version" "1.2.1"
  
  "image-q@^1.1.1":
    "integrity" "sha1-/IQJlmRGC5DKhi2TALa/u7+/gFY="
    "resolved" "https://registry.npmjs.org/image-q/-/image-q-1.1.1.tgz"
    "version" "1.1.1"
  
  "inherits@^2.0.1", "inherits@^2.0.3", "inherits@^2.0.4", "inherits@~2.0.3":
    "integrity" "sha512-k/vGaX4/Yla3WzyMCvTQOXYeIHvqOKtnqBduzTHpzpQZzAskKMhZ2K+EnBiSM9zGSoIFeMpXKxa4dYeZIQqewQ=="
    "resolved" "https://registry.npmjs.org/inherits/-/inherits-2.0.4.tgz"
    "version" "2.0.4"
  
  "ip-regex@^4.3.0":
    "integrity" "sha512-B9ZWJxHHOHUhUjCPrMpLD4xEq35bUTClHM1S6CBU5ixQnkZmwipwgc96vAd7AAGM9TGHvJR+Uss+/Ak6UphK+Q=="
    "resolved" "https://registry.npmjs.org/ip-regex/-/ip-regex-4.3.0.tgz"
    "version" "4.3.0"
  
  "is-arrayish@^0.3.1":
    "integrity" "sha512-eVRqCvVlZbuw3GrM63ovNSNAeA1K16kaR/LRY/92w0zxQ5/1YzwblUX652i4Xs9RwAGjW9d9y6X88t8OaAJfWQ=="
    "resolved" "https://registry.npmjs.org/is-arrayish/-/is-arrayish-0.3.2.tgz"
    "version" "0.3.2"
  
  "is-fullwidth-code-point@^2.0.0":
    "integrity" "sha1-o7MKXE8ZkYMWeqq5O+764937ZU8="
    "resolved" "https://registry.npmjs.org/is-fullwidth-code-point/-/is-fullwidth-code-point-2.0.0.tgz"
    "version" "2.0.0"
  
  "is-function@^1.0.1":
    "integrity" "sha512-lw7DUp0aWXYg+CBCN+JKkcE0Q2RayZnSvnZBlwgxHBQhqt5pZNVy4Ri7H9GmmXkdu7LUthszM+Tor1u/2iBcpQ=="
    "resolved" "https://registry.npmjs.org/is-function/-/is-function-1.0.2.tgz"
    "version" "1.0.2"
  
  "is-promise@^2.1.0":
    "integrity" "sha512-+lP4/6lKUBfQjZ2pdxThZvLUAafmZb8OAxFb8XXtiQmS35INgr85hdOGoEs124ez1FCnZJt6jau/T+alh58QFQ=="
    "resolved" "https://registry.npmjs.org/is-promise/-/is-promise-2.2.2.tgz"
    "version" "2.2.2"
  
  "is-stream@^2.0.0":
    "integrity" "sha512-XCoy+WlUr7d1+Z8GgSuXmpuUFC9fOhRXglJMx+dwLKTkL44Cjd4W1Z5P+BQZpr+cR93aGP4S/s7Ftw6Nd/kiEw=="
    "resolved" "https://registry.npmjs.org/is-stream/-/is-stream-2.0.0.tgz"
    "version" "2.0.0"
  
  "is-typedarray@^1.0.0":
    "integrity" "sha1-5HnICFjfDBsR3dppQPlgEfzaSpo="
    "resolved" "https://registry.npmjs.org/is-typedarray/-/is-typedarray-1.0.0.tgz"
    "version" "1.0.0"
  
  "isarray@^2.0.1":
    "integrity" "sha512-xHjhDr3cNBK0BzdUJSPXZntQUx/mwMS5Rw4A7lPJ90XGAO6ISP/ePDNuo0vhqOZU+UD5JoodwCAAoZQd3FeAKw=="
    "resolved" "https://registry.npmjs.org/isarray/-/isarray-2.0.5.tgz"
    "version" "2.0.5"
  
  "isarray@~1.0.0":
    "integrity" "sha1-u5NdSFgsuhaMBoNJV6VKPgcSTxE="
    "resolved" "https://registry.npmjs.org/isarray/-/isarray-1.0.0.tgz"
    "version" "1.0.0"
  
  "isomorphic-fetch@^3.0.0":
    "integrity" "sha512-qvUtwJ3j6qwsF3jLxkZ72qCgjMysPzDfeV240JHiGZsANBYd+EEuu35v7dfrJ9Up0Ak07D7GGSkGhCHTqg/5wA=="
    "resolved" "https://registry.npmjs.org/isomorphic-fetch/-/isomorphic-fetch-3.0.0.tgz"
    "version" "3.0.0"
    dependencies:
      "node-fetch" "^2.6.1"
      "whatwg-fetch" "^3.4.1"
  
  "it-all@^1.0.5":
    "integrity" "sha512-ygD4kA4vp8fi+Y+NBgEKt6W06xSbv6Ub/0V8d1r3uCyJ9Izwa1UspkIOlqY9fOee0Z1w3WRo1+VWyAU4DgtufA=="
    "resolved" "https://registry.npmjs.org/it-all/-/it-all-1.0.5.tgz"
    "version" "1.0.5"
  
  "jimp@^0.16.1":
    "integrity" "sha512-+EKVxbR36Td7Hfd23wKGIeEyHbxShZDX6L8uJkgVW3ESA9GiTEPK08tG1XI2r/0w5Ch0HyJF5kPqF9K7EmGjaw=="
    "resolved" "https://registry.npmjs.org/jimp/-/jimp-0.16.1.tgz"
    "version" "0.16.1"
    dependencies:
      "@babel/runtime" "^7.7.2"
      "@jimp/custom" "^0.16.1"
      "@jimp/plugins" "^0.16.1"
      "@jimp/types" "^0.16.1"
      "regenerator-runtime" "^0.13.3"
  
  "jpeg-js@0.4.2":
    "integrity" "sha512-+az2gi/hvex7eLTMTlbRLOhH6P6WFdk2ITI8HJsaH2VqYO0I594zXSYEP+tf4FW+8Cy68ScDXoAsQdyQanv3sw=="
    "resolved" "https://registry.npmjs.org/jpeg-js/-/jpeg-js-0.4.2.tgz"
    "version" "0.4.2"
  
  "js-sha3@^0.8.0":
    "integrity" "sha512-gF1cRrHhIzNfToc802P800N8PpXS+evLLXfsVpowqmAFR9uwbi89WvXg2QspOmXL8QL86J4T1EpFu+yUkwJY3Q=="
    "resolved" "https://registry.npmjs.org/js-sha3/-/js-sha3-0.8.0.tgz"
    "version" "0.8.0"
  
  "jsqr@^1.4.0":
    "integrity" "sha512-dxLob7q65Xg2DvstYkRpkYtmKm2sPJ9oFhrhmudT1dZvNFFTlroai3AWSpLey/w5vMcLBXRgOJsbXpdN9HzU/A=="
    "resolved" "https://registry.npmjs.org/jsqr/-/jsqr-1.4.0.tgz"
    "version" "1.4.0"
  
  "kuler@^2.0.0":
    "integrity" "sha512-Xq9nH7KlWZmXAtodXDDRE7vs6DU1gTU8zYDHDiWLSip45Egwq3plLHzPn27NgvzL2r1LMPC1vdqh98sQxtqj4A=="
    "resolved" "https://registry.npmjs.org/kuler/-/kuler-2.0.0.tgz"
    "version" "2.0.0"
  
  "load-bmfont@^1.3.1", "load-bmfont@^1.4.0":
    "integrity" "sha512-8UyQoYmdRDy81Brz6aLAUhfZLwr5zV0L3taTQ4hju7m6biuwiWiJXjPhBJxbUQJA8PrkvJ/7Enqmwk2sM14soA=="
    "resolved" "https://registry.npmjs.org/load-bmfont/-/load-bmfont-1.4.1.tgz"
    "version" "1.4.1"
    dependencies:
      "buffer-equal" "0.0.1"
      "mime" "^1.3.4"
      "parse-bmfont-ascii" "^1.0.3"
      "parse-bmfont-binary" "^1.0.5"
      "parse-bmfont-xml" "^1.1.4"
      "phin" "^2.9.1"
      "xhr" "^2.0.1"
      "xtend" "^4.0.0"
  
  "locate-path@^3.0.0":
    "integrity" "sha512-7AO748wWnIhNqAuaty2ZWHkQHRSNfPVIsPIfwEOWO22AmaoVrWavlOcMR5nzTLNYvp36X220/maaRsrec1G65A=="
    "resolved" "https://registry.npmjs.org/locate-path/-/locate-path-3.0.0.tgz"
    "version" "3.0.0"
    dependencies:
      "p-locate" "^3.0.0"
      "path-exists" "^3.0.0"
  
  "lodash@^4.17.21", "lodash@4":
    "integrity" "sha512-v2kDEe57lecTulaDIuNTPy3Ry4gLGJ6Z1O3vE1krgXZNrsQ+LFTGHVxVjcXPs17LhbZVGedAJv8XZ1tvj5FvSg=="
    "resolved" "https://registry.npmjs.org/lodash/-/lodash-4.17.21.tgz"
    "version" "4.17.21"
  
  "logform@^2.2.0":
    "integrity" "sha512-N0qPlqfypFx7UHNn4B3lzS/b0uLqt2hmuoa+PpuXNYgozdJYAyauF5Ky0BWVjrxDlMWiT3qN4zPq3vVAfZy7Yg=="
    "resolved" "https://registry.npmjs.org/logform/-/logform-2.2.0.tgz"
    "version" "2.2.0"
    dependencies:
      "colors" "^1.2.1"
      "fast-safe-stringify" "^2.0.4"
      "fecha" "^4.2.0"
      "ms" "^2.1.1"
      "triple-beam" "^1.3.0"
  
  "lowdb@^1.0.0":
    "integrity" "sha512-2+x8esE/Wb9SQ1F9IHaYWfsC9FIecLOPrK4g17FGEayjUWH172H6nwicRovGvSE2CPZouc2MCIqCI7h9d+GftQ=="
    "resolved" "https://registry.npmjs.org/lowdb/-/lowdb-1.0.0.tgz"
    "version" "1.0.0"
    dependencies:
      "graceful-fs" "^4.1.3"
      "is-promise" "^2.1.0"
      "lodash" "4"
      "pify" "^3.0.0"
      "steno" "^0.4.1"
  
  "lowdb@^2.1.0":
    "integrity" "sha512-F4Go8/V37gAidTR3c5poyjprOpZSDNSLJVOmI0ny4D4q9rC37OkBhlzX0bqj7LZlT3UIj4FchmZrrSw7qY+eGQ=="
    "resolved" "https://registry.npmjs.org/lowdb/-/lowdb-2.1.0.tgz"
    "version" "2.1.0"
    dependencies:
      "steno" "^1.0.0"
  
  "marked@^2.1.3":
    "integrity" "sha512-/Q+7MGzaETqifOMWYEA7HVMaZb4XbcRfaOzcSsHZEith83KGlvaSG33u0SKu89Mj5h+T8V2hM+8O45Qc5XTgwA=="
    "resolved" "https://registry.npmjs.org/marked/-/marked-2.1.3.tgz"
    "version" "2.1.3"
  
  "md5.js@^1.3.4":
    "integrity" "sha512-xitP+WxNPcTTOgnTJcrhM0xvdPepipPSf3I8EIpGKeFLjt3PlJLIDG3u8EX53ZIubkb+5U2+3rELYpEhHhzdkg=="
    "resolved" "https://registry.npmjs.org/md5.js/-/md5.js-1.3.5.tgz"
    "version" "1.3.5"
    dependencies:
      "hash-base" "^3.0.0"
      "inherits" "^2.0.1"
      "safe-buffer" "^5.1.2"
  
  "mime-db@1.48.0":
    "integrity" "sha512-FM3QwxV+TnZYQ2aRqhlKBMHxk10lTbMt3bBkMAp54ddrNeVSfcQYOOKuGuy3Ddrm38I04If834fOUSq1yzslJQ=="
    "resolved" "https://registry.npmjs.org/mime-db/-/mime-db-1.48.0.tgz"
    "version" "1.48.0"
  
  "mime-types@^2.1.12":
    "integrity" "sha512-XGZnNzm3QvgKxa8dpzyhFTHmpP3l5YNusmne07VUOXxou9CqUqYa/HBy124RqtVh/O2pECas/MOcsDgpilPOPg=="
    "resolved" "https://registry.npmjs.org/mime-types/-/mime-types-2.1.31.tgz"
    "version" "2.1.31"
    dependencies:
      "mime-db" "1.48.0"
  
  "mime@^1.3.4":
    "integrity" "sha512-x0Vn8spI+wuJ1O6S7gnbaQg8Pxh4NNHb7KSINmEWKiPE4RKOplvijn+NkmYmmRgP68mc70j2EbeTFRsrswaQeg=="
    "resolved" "https://registry.npmjs.org/mime/-/mime-1.6.0.tgz"
    "version" "1.6.0"
  
  "min-document@^2.19.0":
    "integrity" "sha1-e9KC4/WELtKVu3SM3Z8f+iyCRoU="
    "resolved" "https://registry.npmjs.org/min-document/-/min-document-2.19.0.tgz"
    "version" "2.19.0"
    dependencies:
      "dom-walk" "^0.1.0"
  
  "minimalistic-assert@^1.0.0", "minimalistic-assert@^1.0.1":
    "integrity" "sha512-UtJcAD4yEaGtjPezWuO9wC4nwUnVH/8/Im3yEHQP4b67cXlD/Qr9hdITCU1xDbSEXg2XKNaP8jsReV7vQd00/A=="
    "resolved" "https://registry.npmjs.org/minimalistic-assert/-/minimalistic-assert-1.0.1.tgz"
    "version" "1.0.1"
  
  "minimalistic-crypto-utils@^1.0.1":
    "integrity" "sha1-9sAMHAsIIkblxNmd+4x8CDsrWCo="
    "resolved" "https://registry.npmjs.org/minimalistic-crypto-utils/-/minimalistic-crypto-utils-1.0.1.tgz"
    "version" "1.0.1"
  
  "minimist@^1.2.5":
    "integrity" "sha512-FM9nNUYrRBAELZQT3xeZQ7fmMOBg6nWNmJKTcgsJeaLstP/UODVpGsr5OhXhhXg6f+qtJ8uiZ+PUxkDWcgIXLw=="
    "resolved" "https://registry.npmjs.org/minimist/-/minimist-1.2.5.tgz"
    "version" "1.2.5"
  
  "mkdirp@^0.5.1":
    "integrity" "sha512-NKmAlESf6jMGym1++R0Ra7wvhV+wFW63FaSOFPwRahvea0gMUcGUhVeAg/0BC0wiv9ih5NYPB1Wn1UEI1/L+xQ=="
    "resolved" "https://registry.npmjs.org/mkdirp/-/mkdirp-0.5.5.tgz"
    "version" "0.5.5"
    dependencies:
      "minimist" "^1.2.5"
  
  "module-alias@^2.2.2":
    "integrity" "sha512-A/78XjoX2EmNvppVWEhM2oGk3x4lLxnkEA4jTbaK97QKSDjkIoOsKQlfylt/d3kKKi596Qy3NP5XrXJ6fZIC9Q=="
    "resolved" "https://registry.npmjs.org/module-alias/-/module-alias-2.2.2.tgz"
    "version" "2.2.2"
  
  "ms@^2.1.1", "ms@2.1.2":
    "integrity" "sha512-sGkPx+VjMtmA6MX27oA4FBFELFCZZ4S4XqeGOXCv68tT+jb3vk/RyaKWP0PTKyWtmLSM0b+adUTEvbs1PEaH2w=="
    "resolved" "https://registry.npmjs.org/ms/-/ms-2.1.2.tgz"
    "version" "2.1.2"
  
  "ms@2.0.0":
    "integrity" "sha1-VgiurfwAvmwpAd9fmGF4jeDVl8g="
    "resolved" "https://registry.npmjs.org/ms/-/ms-2.0.0.tgz"
    "version" "2.0.0"
  
  "multiformats@^9.4.2":
    "integrity" "sha512-sCNjBP/NPCeQu83Mst8IQZq9+HuR7Catvk/m7CeH0r/nupsU6gM7GINf5E1HCDRxDeU+Cgda/WPmcwQhYs3dyA=="
    "resolved" "https://registry.npmjs.org/multiformats/-/multiformats-9.4.3.tgz"
    "version" "9.4.3"
  
  "nanoid@^3.1.23":
    "integrity" "sha512-FiB0kzdP0FFVGDKlRLEQ1BgDzU87dy5NnzjeW9YZNt+/c3+q82EQDUwniSAUxp/F0gFNI1ZhKU1FqYsMuqZVnw=="
    "resolved" "https://registry.npmjs.org/nanoid/-/nanoid-3.1.23.tgz"
    "version" "3.1.23"
  
  "next-tick@~1.0.0":
    "integrity" "sha1-yobR/ogoFpsBICCOPchCS524NCw="
    "resolved" "https://registry.npmjs.org/next-tick/-/next-tick-1.0.0.tgz"
    "version" "1.0.0"
  
  "node-fetch@^2.6.1":
    "integrity" "sha512-V4aYg89jEoVRxRb2fJdAg8FHvI7cEyYdVAh94HH0UIK8oJxUfkjlDQN9RbMx+bEjP7+ggMiFRprSti032Oipxw=="
    "resolved" "https://registry.npmjs.org/node-fetch/-/node-fetch-2.6.1.tgz"
    "version" "2.6.1"
  
  "node-gyp-build@^4.2.0":
    "integrity" "sha512-MN6ZpzmfNCRM+3t57PTJHgHyw/h4OWnZ6mR8P5j/uZtqQr46RRuDE/P+g3n0YR/AiYXeWixZZzaip77gdICfRg=="
    "resolved" "https://registry.npmjs.org/node-gyp-build/-/node-gyp-build-4.2.3.tgz"
    "version" "4.2.3"
  
  "omggif@^1.0.10", "omggif@^1.0.9":
    "integrity" "sha512-LMJTtvgc/nugXj0Vcrrs68Mn2D1r0zf630VNtqtpI1FEO7e+O9FP4gqs9AcnBaSEeoHIPm28u6qgPR0oyEpGSw=="
    "resolved" "https://registry.npmjs.org/omggif/-/omggif-1.0.10.tgz"
    "version" "1.0.10"
  
  "one-time@^1.0.0":
    "integrity" "sha512-5DXOiRKwuSEcQ/l0kGCF6Q3jcADFv5tSmRaJck/OqkVFcOzutB134KRSfF0xDrL39MNnqxbHBbUUcjZIhTgb2g=="
    "resolved" "https://registry.npmjs.org/one-time/-/one-time-1.0.0.tgz"
    "version" "1.0.0"
    dependencies:
      "fn.name" "1.x.x"
  
  "p-limit@^2.0.0":
    "integrity" "sha512-//88mFWSJx8lxCzwdAABTJL2MyWB12+eIY7MDL2SqLmAkeKU9qxRvWuSyTjm3FUmpBEMuFfckAIqEaVGUDxb6w=="
    "resolved" "https://registry.npmjs.org/p-limit/-/p-limit-2.3.0.tgz"
    "version" "2.3.0"
    dependencies:
      "p-try" "^2.0.0"
  
  "p-locate@^3.0.0":
    "integrity" "sha512-x+12w/To+4GFfgJhBEpiDcLozRJGegY+Ei7/z0tSLkMmxGZNybVMSfWj9aJn8Z5Fc7dBUNJOOVgPv2H7IwulSQ=="
    "resolved" "https://registry.npmjs.org/p-locate/-/p-locate-3.0.0.tgz"
    "version" "3.0.0"
    dependencies:
      "p-limit" "^2.0.0"
  
  "p-timeout@^4.1.0":
    "integrity" "sha512-+/wmHtzJuWii1sXn3HCuH/FTwGhrp4tmJTxSKJbfS+vkipci6osxXM5mY0jUiRzWKMTgUT8l7HFbeSwZAynqHw=="
    "resolved" "https://registry.npmjs.org/p-timeout/-/p-timeout-4.1.0.tgz"
    "version" "4.1.0"
  
  "p-try@^2.0.0":
    "integrity" "sha512-R4nPAVTAU0B9D35/Gk3uJf/7XYbQcyohSKdvAxIRSNghFl4e71hVoGnBNQz9cWaXxO2I10KTC+3jMdvvoKw6dQ=="
    "resolved" "https://registry.npmjs.org/p-try/-/p-try-2.2.0.tgz"
    "version" "2.2.0"
  
  "pako@^1.0.5":
    "integrity" "sha512-4hLB8Py4zZce5s4yd9XzopqwVv/yGNhV1Bl8NTmCq1763HeK2+EwVTv+leGeL13Dnh2wfbqowVPXCIO0z4taYw=="
    "resolved" "https://registry.npmjs.org/pako/-/pako-1.0.11.tgz"
    "version" "1.0.11"
  
  "parse-bmfont-ascii@^1.0.3":
    "integrity" "sha1-Eaw8P/WPfCAgqyJ2kHkQjU36AoU="
    "resolved" "https://registry.npmjs.org/parse-bmfont-ascii/-/parse-bmfont-ascii-1.0.6.tgz"
    "version" "1.0.6"
  
  "parse-bmfont-binary@^1.0.5":
    "integrity" "sha1-0Di0dtPp3Z2x4RoLDlOiJ5K2kAY="
    "resolved" "https://registry.npmjs.org/parse-bmfont-binary/-/parse-bmfont-binary-1.0.6.tgz"
    "version" "1.0.6"
  
  "parse-bmfont-xml@^1.1.4":
    "integrity" "sha512-bjnliEOmGv3y1aMEfREMBJ9tfL3WR0i0CKPj61DnSLaoxWR3nLrsQrEbCId/8rF4NyRF0cCqisSVXyQYWM+mCQ=="
    "resolved" "https://registry.npmjs.org/parse-bmfont-xml/-/parse-bmfont-xml-1.1.4.tgz"
    "version" "1.1.4"
    dependencies:
      "xml-parse-from-string" "^1.0.0"
      "xml2js" "^0.4.5"
  
  "parse-headers@^2.0.0":
    "integrity" "sha512-QhhZ+DCCit2Coi2vmAKbq5RGTRcQUOE2+REgv8vdyu7MnYx2eZztegqtTx99TZ86GTIwqiy3+4nQTWZ2tgmdCA=="
    "resolved" "https://registry.npmjs.org/parse-headers/-/parse-headers-2.0.3.tgz"
    "version" "2.0.3"
  
  "path-exists@^3.0.0":
    "integrity" "sha1-zg6+ql94yxiSXqfYENe1mwEP1RU="
    "resolved" "https://registry.npmjs.org/path-exists/-/path-exists-3.0.0.tgz"
    "version" "3.0.0"
  
  "phin@^2.9.1":
    "integrity" "sha512-CzFr90qM24ju5f88quFC/6qohjC144rehe5n6DH900lgXmUe86+xCKc10ev56gRKC4/BkHUoG4uSiQgBiIXwDA=="
    "resolved" "https://registry.npmjs.org/phin/-/phin-2.9.3.tgz"
    "version" "2.9.3"
  
  "pify@^3.0.0":
    "integrity" "sha1-5aSs0sEB/fPZpNB/DbxNtJ3SgXY="
    "resolved" "https://registry.npmjs.org/pify/-/pify-3.0.0.tgz"
    "version" "3.0.0"
  
  "pixelmatch@^4.0.2":
    "integrity" "sha1-j0fc7FARtHe2fbA8JDvB8wheiFQ="
    "resolved" "https://registry.npmjs.org/pixelmatch/-/pixelmatch-4.0.2.tgz"
    "version" "4.0.2"
    dependencies:
      "pngjs" "^3.0.0"
  
  "pngjs@^3.0.0", "pngjs@^3.3.0", "pngjs@^3.3.3":
    "integrity" "sha512-NCrCHhWmnQklfH4MtJMRjZ2a8c80qXeMlQMv2uVp9ISJMTt562SbGd6n2oq0PaPgKm7Z6pL9E2UlLIhC+SHL3w=="
    "resolved" "https://registry.npmjs.org/pngjs/-/pngjs-3.4.0.tgz"
    "version" "3.4.0"
  
  "process-nextick-args@~2.0.0":
    "integrity" "sha512-3ouUOpQhtgrbOa17J7+uxOTpITYWaGP7/AhoR3+A+/1e9skrzelGi/dXzEYyvbxubEF6Wn2ypscTKiKJFFn1ag=="
    "resolved" "https://registry.npmjs.org/process-nextick-args/-/process-nextick-args-2.0.1.tgz"
    "version" "2.0.1"
  
  "process@^0.11.10":
    "integrity" "sha1-czIwDoQBYb2j5podHZGn1LwW8YI="
    "resolved" "https://registry.npmjs.org/process/-/process-0.11.10.tgz"
    "version" "0.11.10"
  
  "prom-client@^13.1.0":
    "integrity" "sha512-jT9VccZCWrJWXdyEtQddCDszYsiuWj5T0ekrPszi/WEegj3IZy6Mm09iOOVM86A4IKMWq8hZkT2dD9MaSe+sng=="
    "resolved" "https://registry.npmjs.org/prom-client/-/prom-client-13.1.0.tgz"
    "version" "13.1.0"
    dependencies:
      "tdigest" "^0.1.1"
  
  "qrcode-reader@^1.0.4":
    "integrity" "sha512-rRjALGNh9zVqvweg1j5OKIQKNsw3bLC+7qwlnead5K/9cb1cEIAGkwikt/09U0K+2IDWGD9CC6SP7tHAjUeqvQ=="
    "resolved" "https://registry.npmjs.org/qrcode-reader/-/qrcode-reader-1.0.4.tgz"
    "version" "1.0.4"
  
  "qrcode@^1.4.4":
    "integrity" "sha512-oLzEC5+NKFou9P0bMj5+v6Z40evexeE29Z9cummZXZ9QXyMr3lphkURzxjXgPJC5azpxcshoDWV1xE46z+/c3Q=="
    "resolved" "https://registry.npmjs.org/qrcode/-/qrcode-1.4.4.tgz"
    "version" "1.4.4"
    dependencies:
      "buffer" "^5.4.3"
      "buffer-alloc" "^1.2.0"
      "buffer-from" "^1.1.1"
      "dijkstrajs" "^1.0.1"
      "isarray" "^2.0.1"
      "pngjs" "^3.3.0"
      "yargs" "^13.2.4"
  
  "readable-stream@^2.3.7":
    "integrity" "sha512-Ebho8K4jIbHAxnuxi7o42OrZgF/ZTNcsZj6nRKyUmkhLFq8CHItp/fy6hQZuZmP/n3yZ9VBUbp4zz/mX8hmYPw=="
    "resolved" "https://registry.npmjs.org/readable-stream/-/readable-stream-2.3.7.tgz"
    "version" "2.3.7"
    dependencies:
      "core-util-is" "~1.0.0"
      "inherits" "~2.0.3"
      "isarray" "~1.0.0"
      "process-nextick-args" "~2.0.0"
      "safe-buffer" "~5.1.1"
      "string_decoder" "~1.1.1"
      "util-deprecate" "~1.0.1"
  
  "readable-stream@^3.4.0", "readable-stream@^3.6.0":
    "integrity" "sha512-BViHy7LKeTz4oNnkcLJ+lVSL6vpiFeX6/d3oSH8zCW7UxP2onchk+vTGB143xuFjHS3deTgkKoXXymXqymiIdA=="
    "resolved" "https://registry.npmjs.org/readable-stream/-/readable-stream-3.6.0.tgz"
    "version" "3.6.0"
    dependencies:
      "inherits" "^2.0.3"
      "string_decoder" "^1.1.1"
      "util-deprecate" "^1.0.1"
  
  "regenerator-runtime@^0.13.3", "regenerator-runtime@^0.13.4":
    "integrity" "sha512-p3VT+cOEgxFsRRA9X4lkI1E+k2/CtnKtU4gcxyaCUreilL/vqI6CdZ3wxVUx3UOUg+gnUOQQcRI7BmSI656MYA=="
    "resolved" "https://registry.npmjs.org/regenerator-runtime/-/regenerator-runtime-0.13.9.tgz"
    "version" "0.13.9"
  
  "require-directory@^2.1.1":
    "integrity" "sha1-jGStX9MNqxyXbiNE/+f3kqam30I="
    "resolved" "https://registry.npmjs.org/require-directory/-/require-directory-2.1.1.tgz"
    "version" "2.1.1"
  
  "require-main-filename@^2.0.0":
    "integrity" "sha512-NKN5kMDylKuldxYLSUfrbo5Tuzh4hd+2E8NPPX02mZtn1VuREQToYe/ZdlJy+J3uCpfaiGF05e7B8W0iXbQHmg=="
    "resolved" "https://registry.npmjs.org/require-main-filename/-/require-main-filename-2.0.0.tgz"
    "version" "2.0.0"
  
  "ripemd160@^2.0.1":
    "integrity" "sha512-ii4iagi25WusVoiC4B4lq7pbXfAp3D9v5CwfkY33vffw2+pkDjY1D8GaN7spsxvCSx8dkPqOZCEZyfxcmJG2IA=="
    "resolved" "https://registry.npmjs.org/ripemd160/-/ripemd160-2.0.2.tgz"
    "version" "2.0.2"
    dependencies:
      "hash-base" "^3.0.0"
      "inherits" "^2.0.1"
  
  "rmrk-tools@^2.0.0-rc.15":
    "integrity" "sha512-SrR0u2WDnbpFQT+lzEO0RtP+VI7gVMaziLisv2b+o0eyU7eE5YIwg/FJIexrX05VZaKXbJIX1JP4WhQqmQCqXA=="
    "resolved" "https://registry.npmjs.org/rmrk-tools/-/rmrk-tools-2.0.0-rc.15.tgz"
    "version" "2.0.0-rc.15"
    dependencies:
      "chalk" "^4.1.0"
      "emoji-regex" "^9.2.2"
      "isomorphic-fetch" "^3.0.0"
      "it-all" "^1.0.5"
      "nanoid" "^3.1.23"
      "superstruct" "^0.14.2"
      "uint8arrays" "^2.1.3"
      "winston" "^3.3.3"
  
  "rxjs@^7.2.0":
    "integrity" "sha512-aX8w9OpKrQmiPKfT1bqETtUr9JygIz6GZ+gql8v7CijClsP0laoFUdKzxFAoWuRdSlOdU2+crss+cMf+cqMTnw=="
    "resolved" "https://registry.npmjs.org/rxjs/-/rxjs-7.2.0.tgz"
    "version" "7.2.0"
    dependencies:
      "tslib" "~2.1.0"
  
  "safe-buffer@^5.0.1", "safe-buffer@^5.1.2", "safe-buffer@^5.2.0", "safe-buffer@~5.2.0":
    "integrity" "sha512-rp3So07KcdmmKbGvgaNxQSJr7bGVSVk5S9Eq1F+ppbRo70+YeaDxkw5Dd8NPN+GD6bjnYm2VuPuCXmpuYvmCXQ=="
    "resolved" "https://registry.npmjs.org/safe-buffer/-/safe-buffer-5.2.1.tgz"
    "version" "5.2.1"
  
  "safe-buffer@~5.1.0", "safe-buffer@~5.1.1":
    "integrity" "sha512-Gd2UZBJDkXlY7GbJxfsE8/nvKkUEU1G38c1siN6QP6a9PT9MmHB8GnpscSmMJSoF8LOIrt8ud/wPtojys4G6+g=="
    "resolved" "https://registry.npmjs.org/safe-buffer/-/safe-buffer-5.1.2.tgz"
    "version" "5.1.2"
  
  "safe-compare@^1.1.4":
    "integrity" "sha512-b9wZ986HHCo/HbKrRpBJb2kqXMK9CEWIE1egeEvZsYn69ay3kdfl9nG3RyOcR+jInTDf7a86WQ1d4VJX7goSSQ=="
    "resolved" "https://registry.npmjs.org/safe-compare/-/safe-compare-1.1.4.tgz"
    "version" "1.1.4"
    dependencies:
      "buffer-alloc" "^1.2.0"
  
  "sandwich-stream@^2.0.2":
    "integrity" "sha512-jLYV0DORrzY3xaz/S9ydJL6Iz7essZeAfnAavsJ+zsJGZ1MOnsS52yRjU3uF3pJa/lla7+wisp//fxOwOH8SKQ=="
    "resolved" "https://registry.npmjs.org/sandwich-stream/-/sandwich-stream-2.0.2.tgz"
    "version" "2.0.2"
  
  "sax@>=0.6.0":
    "integrity" "sha512-NqVDv9TpANUjFm0N8uM5GxL36UgKi9/atZw+x7YFnQ8ckwFGKrl4xX4yWtrey3UJm5nP1kUbnYgLopqWNSRhWw=="
    "resolved" "https://registry.npmjs.org/sax/-/sax-1.2.4.tgz"
    "version" "1.2.4"
  
  "scryptsy@^2.1.0":
    "integrity" "sha512-1CdSqHQowJBnMAFyPEBRfqag/YP9OF394FV+4YREIJX4ljD7OxvQRDayyoyyCk+senRjSkP6VnUNQmVQqB6g7w=="
    "resolved" "https://registry.npmjs.org/scryptsy/-/scryptsy-2.1.0.tgz"
    "version" "2.1.0"
  
  "set-blocking@^2.0.0":
    "integrity" "sha1-BF+XgtARrppoA93TgrJDkrPYkPc="
    "resolved" "https://registry.npmjs.org/set-blocking/-/set-blocking-2.0.0.tgz"
    "version" "2.0.0"
  
  "sha.js@^2.4.0":
    "integrity" "sha512-QMEp5B7cftE7APOjk5Y6xgrbWu+WkLVQwk8JNjZ8nKRciZaByEW6MubieAiToS7+dwvrjGhH8jRXz3MVd0AYqQ=="
    "resolved" "https://registry.npmjs.org/sha.js/-/sha.js-2.4.11.tgz"
    "version" "2.4.11"
    dependencies:
      "inherits" "^2.0.1"
      "safe-buffer" "^5.0.1"
  
  "simple-swizzle@^0.2.2":
    "integrity" "sha1-pNprY1/8zMoz9w0Xy5JZLeleVXo="
    "resolved" "https://registry.npmjs.org/simple-swizzle/-/simple-swizzle-0.2.2.tgz"
    "version" "0.2.2"
    dependencies:
      "is-arrayish" "^0.3.1"
  
  "stack-trace@0.0.x":
    "integrity" "sha1-VHxws0fo0ytOEI6hoqFZ5f3eGcA="
    "resolved" "https://registry.npmjs.org/stack-trace/-/stack-trace-0.0.10.tgz"
    "version" "0.0.10"
  
  "steno@^0.4.1":
    "integrity" "sha1-BxEFvfwobmYVwEA8J+nXtdy4Vcs="
    "resolved" "https://registry.npmjs.org/steno/-/steno-0.4.4.tgz"
    "version" "0.4.4"
    dependencies:
      "graceful-fs" "^4.1.3"
  
  "steno@^1.0.0":
    "integrity" "sha512-C/KgCvEa1yWnpHmaPjAXrz1yWxh6hs+HvhqqPa71euaQmNi1wr4+WFo57VQxjKKuFl2KqS7gtlrN0oxj2noQLw=="
    "resolved" "https://registry.npmjs.org/steno/-/steno-1.0.0.tgz"
    "version" "1.0.0"
  
  "string_decoder@^1.1.1":
    "integrity" "sha512-hkRX8U1WjJFd8LsDJ2yQ/wWWxaopEsABU1XfkM8A+j0+85JAGppt16cr1Whg6KIbb4okU6Mql6BOj+uup/wKeA=="
    "resolved" "https://registry.npmjs.org/string_decoder/-/string_decoder-1.3.0.tgz"
    "version" "1.3.0"
    dependencies:
      "safe-buffer" "~5.2.0"
  
  "string_decoder@~1.1.1":
    "integrity" "sha512-n/ShnvDi6FHbbVfviro+WojiFzv+s8MPMHBczVePfUpDJLwoLT0ht1l4YwBCbi8pJAveEEdnkHyPyTP/mzRfwg=="
    "resolved" "https://registry.npmjs.org/string_decoder/-/string_decoder-1.1.1.tgz"
    "version" "1.1.1"
    dependencies:
      "safe-buffer" "~5.1.0"
  
  "string-width@^3.0.0", "string-width@^3.1.0":
    "integrity" "sha512-vafcv6KjVZKSgz06oM/H6GDBrAtz8vdhQakGjFIvNrHA6y3HCF1CInLy+QLq8dTJPQ1b+KDUqDFctkdRW44e1w=="
    "resolved" "https://registry.npmjs.org/string-width/-/string-width-3.1.0.tgz"
    "version" "3.1.0"
    dependencies:
      "emoji-regex" "^7.0.1"
      "is-fullwidth-code-point" "^2.0.0"
      "strip-ansi" "^5.1.0"
  
  "strip-ansi@^5.0.0", "strip-ansi@^5.1.0", "strip-ansi@^5.2.0":
    "integrity" "sha512-DuRs1gKbBqsMKIZlrffwlug8MHkcnpjs5VPmL1PAh+mA30U0DTotfDZ0d2UUsXpPmPmMMJ6W773MaA3J+lbiWA=="
    "resolved" "https://registry.npmjs.org/strip-ansi/-/strip-ansi-5.2.0.tgz"
    "version" "5.2.0"
    dependencies:
      "ansi-regex" "^4.1.0"
  
  "superstruct@^0.14.2":
    "integrity" "sha512-nPewA6m9mR3d6k7WkZ8N8zpTWfenFH3q9pA2PkuiZxINr9DKB2+40wEQf0ixn8VaGuJ78AB6iWOtStI+/4FKZQ=="
    "resolved" "https://registry.npmjs.org/superstruct/-/superstruct-0.14.2.tgz"
    "version" "0.14.2"
  
  "supports-color@^7.1.0":
    "integrity" "sha512-qpCAvRl9stuOHveKsn7HncJRvv501qIacKzQlO/+Lwxc9+0q2wLyv4Dfvt80/DPn2pqOBsJdDiogXGR9+OvwRw=="
    "resolved" "https://registry.npmjs.org/supports-color/-/supports-color-7.2.0.tgz"
    "version" "7.2.0"
    dependencies:
      "has-flag" "^4.0.0"
  
  "tdigest@^0.1.1":
    "integrity" "sha1-Ljyyw56kSeVdHmzZEReszKRYgCE="
    "resolved" "https://registry.npmjs.org/tdigest/-/tdigest-0.1.1.tgz"
    "version" "0.1.1"
    dependencies:
      "bintrees" "1.0.1"
  
  "telegraf-inline-menu@^6.3.0":
    "integrity" "sha512-5n2mV8BS1mRGminS6nfQblfrNINBgFrWpyWre0GXtAjLhj2rG8ERynGysQ7oOh7pSWrewQz8AeAU/NVRCXwfDw=="
    "resolved" "https://registry.npmjs.org/telegraf-inline-menu/-/telegraf-inline-menu-6.3.0.tgz"
    "version" "6.3.0"
    dependencies:
      "typegram" "^3.0.2"
  
  "telegraf-session-local@^2.1.0":
    "integrity" "sha512-HaJji7j0XKMwNGxaennwttracTG8LDwImiB4PAPUz+/1e4HlyR/c6qbHRecgWbFwJDc+om/Rb2BRNRlN/sd7EA=="
    "resolved" "https://registry.npmjs.org/telegraf-session-local/-/telegraf-session-local-2.1.0.tgz"
    "version" "2.1.0"
    dependencies:
      "@types/lowdb" "^1.0.9"
      "lowdb" "^1.0.0"
  
  "telegraf-stateless-question@^2.0.1":
    "integrity" "sha512-gTtEGTNokmfuvUBK5adrFWHtXNzT23ffUmt8+6oZL7LmudXgUV/wSCdTTeEQE21M4c9jkl25k/rGNEfORY1gZQ=="
    "resolved" "https://registry.npmjs.org/telegraf-stateless-question/-/telegraf-stateless-question-2.0.1.tgz"
    "version" "2.0.1"
    dependencies:
      "telegram-format" "^2.0.0"
  
  "telegraf@^3.38.0 || ^4.0.0", "telegraf@^4.0.0", "telegraf@^4.3.0", "telegraf@^4.4.1":
    "integrity" "sha512-jxV8fC/K6abcUTlhy/l8txJAmEJIkJoDu/cN0yXOJWLp9csfLIp+cD4qlwJ6ko+4EgOJmNZvWK7Tr2dxKolJQQ=="
    "resolved" "https://registry.npmjs.org/telegraf/-/telegraf-4.4.1.tgz"
    "version" "4.4.1"
    dependencies:
      "abort-controller" "^3.0.0"
      "debug" "^4.3.1"
      "minimist" "^1.2.5"
      "module-alias" "^2.2.2"
      "node-fetch" "^2.6.1"
      "p-timeout" "^4.1.0"
      "safe-compare" "^1.1.4"
      "sandwich-stream" "^2.0.2"
      "typegram" "^3.4.2"
  
  "telegram-format@^2.0.0":
    "integrity" "sha512-OE0SHR8pINftjFt01QfHq+Ujedbqna5CInw+PwdbS1/ySrvIBhPZSGo7uas6ktaPv0mnoPKNJR+seouOSXFZiA=="
    "resolved" "https://registry.npmjs.org/telegram-format/-/telegram-format-2.0.2.tgz"
    "version" "2.0.2"
  
  "text-hex@1.0.x":
    "integrity" "sha512-uuVGNWzgJ4yhRaNSiubPY7OjISw4sw4E5Uv0wbjp+OzcbmVU/rsT8ujgcXJhn9ypzsgr5vlzpPqP+MBBKcGvbg=="
    "resolved" "https://registry.npmjs.org/text-hex/-/text-hex-1.0.0.tgz"
    "version" "1.0.0"
  
  "timm@^1.6.1":
    "integrity" "sha512-IjZc9KIotudix8bMaBW6QvMuq64BrJWFs1+4V0lXwWGQZwH+LnX87doAYhem4caOEusRP9/g6jVDQmZ8XOk1nw=="
    "resolved" "https://registry.npmjs.org/timm/-/timm-1.7.1.tgz"
    "version" "1.7.1"
  
  "tinycolor2@^1.4.1":
    "integrity" "sha512-vJhccZPs965sV/L2sU4oRQVAos0pQXwsvTLkWYdqJ+a8Q5kPFzJTuOFwy7UniPli44NKQGAglksjvOcpo95aZA=="
    "resolved" "https://registry.npmjs.org/tinycolor2/-/tinycolor2-1.4.2.tgz"
    "version" "1.4.2"
  
  "triple-beam@^1.2.0", "triple-beam@^1.3.0":
    "integrity" "sha512-XrHUvV5HpdLmIj4uVMxHggLbFSZYIn7HEWsqePZcI50pco+MPqJ50wMGY794X7AOOhxOBAjbkqfAbEe/QMp2Lw=="
    "resolved" "https://registry.npmjs.org/triple-beam/-/triple-beam-1.3.0.tgz"
    "version" "1.3.0"
  
  "tslib@~2.1.0":
    "integrity" "sha512-hcVC3wYEziELGGmEEXue7D75zbwIIVUMWAVbHItGPx0ziyXxrOMQx4rQEVEV45Ut/1IotuEvwqPopzIOkDMf0A=="
    "resolved" "https://registry.npmjs.org/tslib/-/tslib-2.1.0.tgz"
    "version" "2.1.0"
  
  "tweetnacl@^1.0.3":
    "integrity" "sha512-6rt+RN7aOi1nGMyC4Xa5DdYiukl2UWCbcJft7YhxReBGQD7OAM8Pbxw6YMo4r2diNEA8FEmu32YOn9rhaiE5yw=="
    "resolved" "https://registry.npmjs.org/tweetnacl/-/tweetnacl-1.0.3.tgz"
    "version" "1.0.3"
  
  "type@^1.0.1":
    "integrity" "sha512-+5nt5AAniqsCnu2cEQQdpzCAh33kVx8n0VoFidKpB1dVVLAN/F+bgVOqOJqOnEnrhp222clB5p3vUlD+1QAnfg=="
    "resolved" "https://registry.npmjs.org/type/-/type-1.2.0.tgz"
    "version" "1.2.0"
  
  "type@^2.0.0":
    "integrity" "sha512-180WMDQaIMm3+7hGXWf12GtdniDEy7nYcyFMKJn/eZz/6tSLXrUN9V0wKSbMjej0I1WHWbpREDEKHtqPQa9NNw=="
    "resolved" "https://registry.npmjs.org/type/-/type-2.5.0.tgz"
    "version" "2.5.0"
  
  "typedarray-to-buffer@^3.1.5":
    "integrity" "sha512-zdu8XMNEDepKKR+XYOXAVPtWui0ly0NtohUscw+UmaHiAWT8hrV1rr//H6V+0DvJ3OQ19S979M0laLfX8rm82Q=="
    "resolved" "https://registry.npmjs.org/typedarray-to-buffer/-/typedarray-to-buffer-3.1.5.tgz"
    "version" "3.1.5"
    dependencies:
      "is-typedarray" "^1.0.0"
  
  "typegram@^3.0.2", "typegram@^3.4.2":
    "integrity" "sha512-Z+FaPrD+oyzvchLZHmfyz55MuPhJ51tYm6i+gbeZ0W8Yr4LLWQfI0mBlR2v08PzjHuRx26bmZBEM30jSrGbfbg=="
    "resolved" "https://registry.npmjs.org/typegram/-/typegram-3.4.2.tgz"
    "version" "3.4.2"
  
  "uint8arrays@^2.1.3":
    "integrity" "sha512-k+yuEWEHQG/TuRaxL+JVEe8IBqyU5dhDkw+CISCDccOcW90dIju0A6i0Iwav0MK7kg73FZpowqOByS5e/B6GYA=="
    "resolved" "https://registry.npmjs.org/uint8arrays/-/uint8arrays-2.1.7.tgz"
    "version" "2.1.7"
    dependencies:
      "multiformats" "^9.4.2"
  
  "utf-8-validate@^5.0.2":
    "integrity" "sha512-+pnxRYsS/axEpkrrEpzYfNZGXp0IjC/9RIxwM5gntY4Koi8SHmUGSfxfWqxZdRxrtaoVstuOzUp/rbs3JSPELQ=="
    "resolved" "https://registry.npmjs.org/utf-8-validate/-/utf-8-validate-5.0.5.tgz"
    "version" "5.0.5"
    dependencies:
      "node-gyp-build" "^4.2.0"
  
  "utif@^2.0.1":
    "integrity" "sha512-Z/S1fNKCicQTf375lIP9G8Sa1H/phcysstNrrSdZKj1f9g58J4NMgb5IgiEZN9/nLMPDwF0W7hdOe9Qq2IYoLg=="
    "resolved" "https://registry.npmjs.org/utif/-/utif-2.0.1.tgz"
    "version" "2.0.1"
    dependencies:
      "pako" "^1.0.5"
  
  "util-deprecate@^1.0.1", "util-deprecate@~1.0.1":
    "integrity" "sha1-RQ1Nyfpw3nMnYvvS1KKJgUGaDM8="
    "resolved" "https://registry.npmjs.org/util-deprecate/-/util-deprecate-1.0.2.tgz"
    "version" "1.0.2"
  
  "websocket@^1.0.34":
    "integrity" "sha512-PRDso2sGwF6kM75QykIesBijKSVceR6jL2G8NGYyq2XrItNC2P5/qL5XeR056GhA+Ly7JMFvJb9I312mJfmqnQ=="
    "resolved" "https://registry.npmjs.org/websocket/-/websocket-1.0.34.tgz"
    "version" "1.0.34"
    dependencies:
      "bufferutil" "^4.0.1"
      "debug" "^2.2.0"
      "es5-ext" "^0.10.50"
      "typedarray-to-buffer" "^3.1.5"
      "utf-8-validate" "^5.0.2"
      "yaeti" "^0.0.6"
  
  "whatwg-fetch@^3.4.1":
    "integrity" "sha512-bJlen0FcuU/0EMLrdbJ7zOnW6ITZLrZMIarMUVmdKtsGvZna8vxKYaexICWPfZ8qwf9fzNq+UEIZrnSaApt6RA=="
    "resolved" "https://registry.npmjs.org/whatwg-fetch/-/whatwg-fetch-3.6.2.tgz"
    "version" "3.6.2"
  
  "which-module@^2.0.0":
    "integrity" "sha1-2e8H3Od7mQK4o6j6SzHD4/fm6Ho="
    "resolved" "https://registry.npmjs.org/which-module/-/which-module-2.0.0.tgz"
    "version" "2.0.0"
  
  "winston-transport@^4.4.0":
    "integrity" "sha512-Lc7/p3GtqtqPBYYtS6KCN3c77/2QCev51DvcJKbkFPQNoj1sinkGwLGFDxkXY9J6p9+EPnYs+D90uwbnaiURTw=="
    "resolved" "https://registry.npmjs.org/winston-transport/-/winston-transport-4.4.0.tgz"
    "version" "4.4.0"
    dependencies:
      "readable-stream" "^2.3.7"
      "triple-beam" "^1.2.0"
  
  "winston@^3.3.3":
    "integrity" "sha512-oEXTISQnC8VlSAKf1KYSSd7J6IWuRPQqDdo8eoRNaYKLvwSb5+79Z3Yi1lrl6KDpU6/VWaxpakDAtb1oQ4n9aw=="
    "resolved" "https://registry.npmjs.org/winston/-/winston-3.3.3.tgz"
    "version" "3.3.3"
    dependencies:
      "@dabh/diagnostics" "^2.0.2"
      "async" "^3.1.0"
      "is-stream" "^2.0.0"
      "logform" "^2.2.0"
      "one-time" "^1.0.0"
      "readable-stream" "^3.4.0"
      "stack-trace" "0.0.x"
      "triple-beam" "^1.3.0"
      "winston-transport" "^4.4.0"
  
  "wrap-ansi@^5.1.0":
    "integrity" "sha512-QC1/iN/2/RPVJ5jYK8BGttj5z83LmSKmvbvrXPNCLZSEb32KKVDJDl/MOt2N01qU2H/FkzEa9PKto1BqDjtd7Q=="
    "resolved" "https://registry.npmjs.org/wrap-ansi/-/wrap-ansi-5.1.0.tgz"
    "version" "5.1.0"
    dependencies:
      "ansi-styles" "^3.2.0"
      "string-width" "^3.0.0"
      "strip-ansi" "^5.0.0"
  
  "xhr@^2.0.1":
    "integrity" "sha512-/eCGLb5rxjx5e3mF1A7s+pLlR6CGyqWN91fv1JgER5mVWg1MZmlhBvy9kjcsOdRk8RrIujotWyJamfyrp+WIcA=="
    "resolved" "https://registry.npmjs.org/xhr/-/xhr-2.6.0.tgz"
    "version" "2.6.0"
    dependencies:
      "global" "~4.4.0"
      "is-function" "^1.0.1"
      "parse-headers" "^2.0.0"
      "xtend" "^4.0.0"
  
  "xml-parse-from-string@^1.0.0":
    "integrity" "sha1-qQKekp09vN7RafPG4oI42VpdWig="
    "resolved" "https://registry.npmjs.org/xml-parse-from-string/-/xml-parse-from-string-1.0.1.tgz"
    "version" "1.0.1"
  
  "xml2js@^0.4.5":
    "integrity" "sha512-ySPiMjM0+pLDftHgXY4By0uswI3SPKLDw/i3UXbnO8M/p28zqexCUoPmQFrYD+/1BzhGJSs2i1ERWKJAtiLrug=="
    "resolved" "https://registry.npmjs.org/xml2js/-/xml2js-0.4.23.tgz"
    "version" "0.4.23"
    dependencies:
      "sax" ">=0.6.0"
      "xmlbuilder" "~11.0.0"
  
  "xmlbuilder@~11.0.0":
    "integrity" "sha512-fDlsI/kFEx7gLvbecc0/ohLG50fugQp8ryHzMTuW9vSa1GJ0XYWKnhsUx7oie3G98+r56aTQIUB4kht42R3JvA=="
    "resolved" "https://registry.npmjs.org/xmlbuilder/-/xmlbuilder-11.0.1.tgz"
    "version" "11.0.1"
  
  "xtend@^4.0.0":
    "integrity" "sha512-LKYU1iAXJXUgAXn9URjiu+MWhyUXHsvfp7mcuYm9dSUKK0/CjtrUwFAxD82/mCWbtLsGjFIad0wIsod4zrTAEQ=="
    "resolved" "https://registry.npmjs.org/xtend/-/xtend-4.0.2.tgz"
    "version" "4.0.2"
  
  "xxhashjs@^0.2.2":
    "integrity" "sha512-AkTuIuVTET12tpsVIQo+ZU6f/qDmKuRUcjaqR+OIvm+aCBsZ95i7UVY5WJ9TMsSaZ0DA2WxoZ4acu0sPH+OKAw=="
    "resolved" "https://registry.npmjs.org/xxhashjs/-/xxhashjs-0.2.2.tgz"
    "version" "0.2.2"
    dependencies:
      "cuint" "^0.2.2"
  
  "y18n@^4.0.0":
    "integrity" "sha512-JKhqTOwSrqNA1NY5lSztJ1GrBiUodLMmIZuLiDaMRJ+itFd+ABVE8XBjOvIWL+rSqNDC74LCSFmlb/U4UZ4hJQ=="
    "resolved" "https://registry.npmjs.org/y18n/-/y18n-4.0.3.tgz"
    "version" "4.0.3"
  
  "yaeti@^0.0.6":
    "integrity" "sha1-8m9ITXJoTPQr7ft2lwqhYI+/lXc="
    "resolved" "https://registry.npmjs.org/yaeti/-/yaeti-0.0.6.tgz"
    "version" "0.0.6"
  
  "yargs-parser@^13.1.2":
    "integrity" "sha512-3lbsNRf/j+A4QuSZfDRA7HRSfWrzO0YjqTJd5kjAq37Zep1CEgaYmrH9Q3GwPiB9cHyd1Y1UwggGhJGoxipbzg=="
    "resolved" "https://registry.npmjs.org/yargs-parser/-/yargs-parser-13.1.2.tgz"
    "version" "13.1.2"
    dependencies:
      "camelcase" "^5.0.0"
      "decamelize" "^1.2.0"
  
  "yargs@^13.2.4":
    "integrity" "sha512-AX3Zw5iPruN5ie6xGRIDgqkT+ZhnRlZMLMHAs8tg7nRruy2Nb+i5o9bwghAogtM08q1dpr2LVoS8KSTMYpWXUw=="
    "resolved" "https://registry.npmjs.org/yargs/-/yargs-13.3.2.tgz"
    "version" "13.3.2"
    dependencies:
      "cliui" "^5.0.0"
      "find-up" "^3.0.0"
      "get-caller-file" "^2.0.1"
      "require-directory" "^2.1.1"
      "require-main-filename" "^2.0.0"
      "set-blocking" "^2.0.0"
      "string-width" "^3.0.0"
      "which-module" "^2.0.0"
      "y18n" "^4.0.0"
      "yargs-parser" "^13.1.2"
